2025-03-25T09:55:55.277+03:00  INFO 19518 --- [fruit-salad-rest-api] [main] t.r.f.FruitSaladRestApiApplication       : Starting FruitSaladRestApiApplication using Java 21.0.2 with PID 19518 (/Users/rodemark/Documents/Java-Education/Java-Project/fruit-salad-rest-api/target/classes started by rodemark in /Users/rodemark/Documents/Java-Education/Java-Project/fruit-salad-rest-api)
2025-03-25T09:55:55.279+03:00  INFO 19518 --- [fruit-salad-rest-api] [main] t.r.f.FruitSaladRestApiApplication       : No active profile set, falling back to 1 default profile: "default"
2025-03-25T09:55:56.119+03:00  INFO 19518 --- [fruit-salad-rest-api] [main] .s.d.r.c.RepositoryConfigurationDelegate : Bootstrapping Spring Data JPA repositories in DEFAULT mode.
2025-03-25T09:55:56.218+03:00  INFO 19518 --- [fruit-salad-rest-api] [main] .s.d.r.c.RepositoryConfigurationDelegate : Finished Spring Data repository scanning in 91 ms. Found 2 JPA repository interfaces.
2025-03-25T09:55:56.673+03:00  INFO 19518 --- [fruit-salad-rest-api] [main] o.s.b.w.embedded.tomcat.TomcatWebServer  : Tomcat initialized with port 8080 (http)
2025-03-25T09:55:56.684+03:00  INFO 19518 --- [fruit-salad-rest-api] [main] o.apache.catalina.core.StandardService   : Starting service [Tomcat]
2025-03-25T09:55:56.685+03:00  INFO 19518 --- [fruit-salad-rest-api] [main] o.apache.catalina.core.StandardEngine    : Starting Servlet engine: [Apache Tomcat/10.1.39]
2025-03-25T09:55:56.733+03:00  INFO 19518 --- [fruit-salad-rest-api] [main] o.a.c.c.C.[Tomcat].[localhost].[/]       : Initializing Spring embedded WebApplicationContext
2025-03-25T09:55:56.733+03:00  INFO 19518 --- [fruit-salad-rest-api] [main] w.s.c.ServletWebServerApplicationContext : Root WebApplicationContext: initialization completed in 1405 ms
2025-03-25T09:55:56.883+03:00  INFO 19518 --- [fruit-salad-rest-api] [main] o.hibernate.jpa.internal.util.LogHelper  : HHH000204: Processing PersistenceUnitInfo [name: default]
2025-03-25T09:55:56.930+03:00  INFO 19518 --- [fruit-salad-rest-api] [main] org.hibernate.Version                    : HHH000412: Hibernate ORM core version 6.6.11.Final
2025-03-25T09:55:56.954+03:00  INFO 19518 --- [fruit-salad-rest-api] [main] o.h.c.internal.RegionFactoryInitiator    : HHH000026: Second-level cache disabled
2025-03-25T09:55:57.266+03:00  INFO 19518 --- [fruit-salad-rest-api] [main] o.s.o.j.p.SpringPersistenceUnitInfo      : No LoadTimeWeaver setup: ignoring JPA class transformer
2025-03-25T09:55:57.315+03:00  INFO 19518 --- [fruit-salad-rest-api] [main] com.zaxxer.hikari.HikariDataSource       : HikariPool-1 - Starting...
2025-03-25T09:55:57.429+03:00  INFO 19518 --- [fruit-salad-rest-api] [main] com.zaxxer.hikari.pool.HikariPool        : HikariPool-1 - Added connection org.postgresql.jdbc.PgConnection@20a1b3ae
2025-03-25T09:55:57.430+03:00  INFO 19518 --- [fruit-salad-rest-api] [main] com.zaxxer.hikari.HikariDataSource       : HikariPool-1 - Start completed.
2025-03-25T09:55:57.510+03:00  INFO 19518 --- [fruit-salad-rest-api] [main] org.hibernate.orm.connections.pooling    : HHH10001005: Database info:
	Database JDBC URL [Connecting through datasource 'HikariDataSource (HikariPool-1)']
	Database driver: undefined/unknown
	Database version: 16.6
	Autocommit mode: undefined/unknown
	Isolation level: undefined/unknown
	Minimum pool size: undefined/unknown
	Maximum pool size: undefined/unknown
2025-03-25T09:55:58.165+03:00  INFO 19518 --- [fruit-salad-rest-api] [main] o.h.e.t.j.p.i.JtaPlatformInitiator       : HHH000489: No JTA platform available (set 'hibernate.transaction.jta.platform' to enable JTA platform integration)
2025-03-25T09:55:58.322+03:00  INFO 19518 --- [fruit-salad-rest-api] [main] j.LocalContainerEntityManagerFactoryBean : Initialized JPA EntityManagerFactory for persistence unit 'default'
2025-03-25T09:55:58.448+03:00  WARN 19518 --- [fruit-salad-rest-api] [main] JpaBaseConfiguration$JpaWebConfiguration : spring.jpa.open-in-view is enabled by default. Therefore, database queries may be performed during view rendering. Explicitly configure spring.jpa.open-in-view to disable this warning
2025-03-25T09:55:59.318+03:00  WARN 19518 --- [fruit-salad-rest-api] [main] ConfigServletWebServerApplicationContext : Exception encountered during context initialization - cancelling refresh attempt: org.springframework.beans.factory.BeanCreationException: Error creating bean with name 'saladRepository' defined in team.rode.fruitsaladrestapi.repositories.SaladRepository defined in @EnableJpaRepositories declared on JpaRepositoriesRegistrar.EnableJpaRepositoriesConfiguration: Not a managed type: interface team.rode.fruitsaladrestapi.repositories.SaladRepository
2025-03-25T09:55:59.346+03:00  INFO 19518 --- [fruit-salad-rest-api] [main] j.LocalContainerEntityManagerFactoryBean : Closing JPA EntityManagerFactory for persistence unit 'default'
2025-03-25T09:55:59.355+03:00  INFO 19518 --- [fruit-salad-rest-api] [main] com.zaxxer.hikari.HikariDataSource       : HikariPool-1 - Shutdown initiated...
2025-03-25T09:55:59.380+03:00  INFO 19518 --- [fruit-salad-rest-api] [main] com.zaxxer.hikari.HikariDataSource       : HikariPool-1 - Shutdown completed.
2025-03-25T09:55:59.387+03:00  INFO 19518 --- [fruit-salad-rest-api] [main] o.apache.catalina.core.StandardService   : Stopping service [Tomcat]
2025-03-25T09:55:59.436+03:00  INFO 19518 --- [fruit-salad-rest-api] [main] .s.b.a.l.ConditionEvaluationReportLogger : 

Error starting ApplicationContext. To display the condition evaluation report re-run your application with 'debug' enabled.
2025-03-25T09:55:59.506+03:00 ERROR 19518 --- [fruit-salad-rest-api] [main] o.s.boot.SpringApplication               : Application run failed

org.springframework.beans.factory.BeanCreationException: Error creating bean with name 'saladRepository' defined in team.rode.fruitsaladrestapi.repositories.SaladRepository defined in @EnableJpaRepositories declared on JpaRepositoriesRegistrar.EnableJpaRepositoriesConfiguration: Not a managed type: interface team.rode.fruitsaladrestapi.repositories.SaladRepository
	at org.springframework.beans.factory.support.AbstractAutowireCapableBeanFactory.initializeBean(AbstractAutowireCapableBeanFactory.java:1812) ~[spring-beans-6.2.5.jar:6.2.5]
	at org.springframework.beans.factory.support.AbstractAutowireCapableBeanFactory.doCreateBean(AbstractAutowireCapableBeanFactory.java:601) ~[spring-beans-6.2.5.jar:6.2.5]
	at org.springframework.beans.factory.support.AbstractAutowireCapableBeanFactory.createBean(AbstractAutowireCapableBeanFactory.java:523) ~[spring-beans-6.2.5.jar:6.2.5]
	at org.springframework.beans.factory.support.AbstractBeanFactory.lambda$doGetBean$0(AbstractBeanFactory.java:339) ~[spring-beans-6.2.5.jar:6.2.5]
	at org.springframework.beans.factory.support.DefaultSingletonBeanRegistry.getSingleton(DefaultSingletonBeanRegistry.java:347) ~[spring-beans-6.2.5.jar:6.2.5]
	at org.springframework.beans.factory.support.AbstractBeanFactory.doGetBean(AbstractBeanFactory.java:337) ~[spring-beans-6.2.5.jar:6.2.5]
	at org.springframework.beans.factory.support.AbstractBeanFactory.getBean(AbstractBeanFactory.java:202) ~[spring-beans-6.2.5.jar:6.2.5]
	at org.springframework.beans.factory.support.DefaultListableBeanFactory.instantiateSingleton(DefaultListableBeanFactory.java:1149) ~[spring-beans-6.2.5.jar:6.2.5]
	at org.springframework.beans.factory.support.DefaultListableBeanFactory.preInstantiateSingleton(DefaultListableBeanFactory.java:1121) ~[spring-beans-6.2.5.jar:6.2.5]
	at org.springframework.beans.factory.support.DefaultListableBeanFactory.preInstantiateSingletons(DefaultListableBeanFactory.java:1056) ~[spring-beans-6.2.5.jar:6.2.5]
	at org.springframework.context.support.AbstractApplicationContext.finishBeanFactoryInitialization(AbstractApplicationContext.java:987) ~[spring-context-6.2.5.jar:6.2.5]
	at org.springframework.context.support.AbstractApplicationContext.refresh(AbstractApplicationContext.java:627) ~[spring-context-6.2.5.jar:6.2.5]
	at org.springframework.boot.web.servlet.context.ServletWebServerApplicationContext.refresh(ServletWebServerApplicationContext.java:146) ~[spring-boot-3.4.4.jar:3.4.4]
	at org.springframework.boot.SpringApplication.refresh(SpringApplication.java:752) ~[spring-boot-3.4.4.jar:3.4.4]
	at org.springframework.boot.SpringApplication.refreshContext(SpringApplication.java:439) ~[spring-boot-3.4.4.jar:3.4.4]
	at org.springframework.boot.SpringApplication.run(SpringApplication.java:318) ~[spring-boot-3.4.4.jar:3.4.4]
	at org.springframework.boot.SpringApplication.run(SpringApplication.java:1361) ~[spring-boot-3.4.4.jar:3.4.4]
	at org.springframework.boot.SpringApplication.run(SpringApplication.java:1350) ~[spring-boot-3.4.4.jar:3.4.4]
	at team.rode.fruitsaladrestapi.FruitSaladRestApiApplication.main(FruitSaladRestApiApplication.java:18) ~[classes/:na]
Caused by: java.lang.IllegalArgumentException: Not a managed type: interface team.rode.fruitsaladrestapi.repositories.SaladRepository
	at org.hibernate.metamodel.model.domain.internal.JpaMetamodelImpl.managedType(JpaMetamodelImpl.java:223) ~[hibernate-core-6.6.11.Final.jar:6.6.11.Final]
	at org.hibernate.metamodel.model.domain.internal.MappingMetamodelImpl.managedType(MappingMetamodelImpl.java:470) ~[hibernate-core-6.6.11.Final.jar:6.6.11.Final]
	at org.hibernate.metamodel.model.domain.internal.MappingMetamodelImpl.managedType(MappingMetamodelImpl.java:100) ~[hibernate-core-6.6.11.Final.jar:6.6.11.Final]
	at org.springframework.data.jpa.repository.support.JpaMetamodelEntityInformation.<init>(JpaMetamodelEntityInformation.java:82) ~[spring-data-jpa-3.4.4.jar:3.4.4]
	at org.springframework.data.jpa.repository.support.JpaEntityInformationSupport.getEntityInformation(JpaEntityInformationSupport.java:69) ~[spring-data-jpa-3.4.4.jar:3.4.4]
	at org.springframework.data.jpa.repository.support.JpaRepositoryFactory.getEntityInformation(JpaRepositoryFactory.java:251) ~[spring-data-jpa-3.4.4.jar:3.4.4]
	at org.springframework.data.jpa.repository.support.JpaRepositoryFactory.getTargetRepository(JpaRepositoryFactory.java:215) ~[spring-data-jpa-3.4.4.jar:3.4.4]
	at org.springframework.data.jpa.repository.support.JpaRepositoryFactory.getTargetRepository(JpaRepositoryFactory.java:198) ~[spring-data-jpa-3.4.4.jar:3.4.4]
	at org.springframework.data.jpa.repository.support.JpaRepositoryFactory.getTargetRepository(JpaRepositoryFactory.java:1) ~[spring-data-jpa-3.4.4.jar:3.4.4]
	at org.springframework.data.repository.core.support.RepositoryFactorySupport.getRepository(RepositoryFactorySupport.java:377) ~[spring-data-commons-3.4.4.jar:3.4.4]
	at org.springframework.data.repository.core.support.RepositoryFactoryBeanSupport.lambda$afterPropertiesSet$4(RepositoryFactoryBeanSupport.java:350) ~[spring-data-commons-3.4.4.jar:3.4.4]
	at org.springframework.data.util.Lazy.getNullable(Lazy.java:135) ~[spring-data-commons-3.4.4.jar:3.4.4]
	at org.springframework.data.util.Lazy.get(Lazy.java:113) ~[spring-data-commons-3.4.4.jar:3.4.4]
	at org.springframework.data.repository.core.support.RepositoryFactoryBeanSupport.afterPropertiesSet(RepositoryFactoryBeanSupport.java:356) ~[spring-data-commons-3.4.4.jar:3.4.4]
	at org.springframework.data.jpa.repository.support.JpaRepositoryFactoryBean.afterPropertiesSet(JpaRepositoryFactoryBean.java:132) ~[spring-data-jpa-3.4.4.jar:3.4.4]
	at org.springframework.beans.factory.support.AbstractAutowireCapableBeanFactory.invokeInitMethods(AbstractAutowireCapableBeanFactory.java:1859) ~[spring-beans-6.2.5.jar:6.2.5]
	at org.springframework.beans.factory.support.AbstractAutowireCapableBeanFactory.initializeBean(AbstractAutowireCapableBeanFactory.java:1808) ~[spring-beans-6.2.5.jar:6.2.5]
	... 18 common frames omitted

2025-03-25T09:56:35.358+03:00  INFO 19538 --- [fruit-salad-rest-api] [main] t.r.f.FruitSaladRestApiApplication       : Starting FruitSaladRestApiApplication using Java 21.0.2 with PID 19538 (/Users/rodemark/Documents/Java-Education/Java-Project/fruit-salad-rest-api/target/classes started by rodemark in /Users/rodemark/Documents/Java-Education/Java-Project/fruit-salad-rest-api)
2025-03-25T09:56:35.360+03:00  INFO 19538 --- [fruit-salad-rest-api] [main] t.r.f.FruitSaladRestApiApplication       : No active profile set, falling back to 1 default profile: "default"
2025-03-25T09:56:36.196+03:00  INFO 19538 --- [fruit-salad-rest-api] [main] .s.d.r.c.RepositoryConfigurationDelegate : Bootstrapping Spring Data JPA repositories in DEFAULT mode.
2025-03-25T09:56:36.273+03:00  INFO 19538 --- [fruit-salad-rest-api] [main] .s.d.r.c.RepositoryConfigurationDelegate : Finished Spring Data repository scanning in 68 ms. Found 2 JPA repository interfaces.
2025-03-25T09:56:36.702+03:00  INFO 19538 --- [fruit-salad-rest-api] [main] o.s.b.w.embedded.tomcat.TomcatWebServer  : Tomcat initialized with port 8080 (http)
2025-03-25T09:56:36.718+03:00  INFO 19538 --- [fruit-salad-rest-api] [main] o.apache.catalina.core.StandardService   : Starting service [Tomcat]
2025-03-25T09:56:36.718+03:00  INFO 19538 --- [fruit-salad-rest-api] [main] o.apache.catalina.core.StandardEngine    : Starting Servlet engine: [Apache Tomcat/10.1.39]
2025-03-25T09:56:36.755+03:00  INFO 19538 --- [fruit-salad-rest-api] [main] o.a.c.c.C.[Tomcat].[localhost].[/]       : Initializing Spring embedded WebApplicationContext
2025-03-25T09:56:36.755+03:00  INFO 19538 --- [fruit-salad-rest-api] [main] w.s.c.ServletWebServerApplicationContext : Root WebApplicationContext: initialization completed in 1355 ms
2025-03-25T09:56:36.893+03:00  INFO 19538 --- [fruit-salad-rest-api] [main] o.hibernate.jpa.internal.util.LogHelper  : HHH000204: Processing PersistenceUnitInfo [name: default]
2025-03-25T09:56:36.925+03:00  INFO 19538 --- [fruit-salad-rest-api] [main] org.hibernate.Version                    : HHH000412: Hibernate ORM core version 6.6.11.Final
2025-03-25T09:56:36.948+03:00  INFO 19538 --- [fruit-salad-rest-api] [main] o.h.c.internal.RegionFactoryInitiator    : HHH000026: Second-level cache disabled
2025-03-25T09:56:37.279+03:00  INFO 19538 --- [fruit-salad-rest-api] [main] o.s.o.j.p.SpringPersistenceUnitInfo      : No LoadTimeWeaver setup: ignoring JPA class transformer
2025-03-25T09:56:37.319+03:00  INFO 19538 --- [fruit-salad-rest-api] [main] com.zaxxer.hikari.HikariDataSource       : HikariPool-1 - Starting...
2025-03-25T09:56:37.413+03:00  INFO 19538 --- [fruit-salad-rest-api] [main] com.zaxxer.hikari.pool.HikariPool        : HikariPool-1 - Added connection org.postgresql.jdbc.PgConnection@6fef75c6
2025-03-25T09:56:37.415+03:00  INFO 19538 --- [fruit-salad-rest-api] [main] com.zaxxer.hikari.HikariDataSource       : HikariPool-1 - Start completed.
2025-03-25T09:56:37.470+03:00  INFO 19538 --- [fruit-salad-rest-api] [main] org.hibernate.orm.connections.pooling    : HHH10001005: Database info:
	Database JDBC URL [Connecting through datasource 'HikariDataSource (HikariPool-1)']
	Database driver: undefined/unknown
	Database version: 16.6
	Autocommit mode: undefined/unknown
	Isolation level: undefined/unknown
	Minimum pool size: undefined/unknown
	Maximum pool size: undefined/unknown
2025-03-25T09:56:38.086+03:00  INFO 19538 --- [fruit-salad-rest-api] [main] o.h.e.t.j.p.i.JtaPlatformInitiator       : HHH000489: No JTA platform available (set 'hibernate.transaction.jta.platform' to enable JTA platform integration)
2025-03-25T09:56:38.224+03:00  INFO 19538 --- [fruit-salad-rest-api] [main] j.LocalContainerEntityManagerFactoryBean : Initialized JPA EntityManagerFactory for persistence unit 'default'
2025-03-25T09:56:38.338+03:00  WARN 19538 --- [fruit-salad-rest-api] [main] JpaBaseConfiguration$JpaWebConfiguration : spring.jpa.open-in-view is enabled by default. Therefore, database queries may be performed during view rendering. Explicitly configure spring.jpa.open-in-view to disable this warning
2025-03-25T09:56:39.128+03:00  INFO 19538 --- [fruit-salad-rest-api] [main] o.s.b.w.embedded.tomcat.TomcatWebServer  : Tomcat started on port 8080 (http) with context path '/'
2025-03-25T09:56:39.144+03:00  INFO 19538 --- [fruit-salad-rest-api] [main] t.r.f.FruitSaladRestApiApplication       : Started FruitSaladRestApiApplication in 4.346 seconds (process running for 5.199)
2025-03-25T09:57:13.223+03:00  INFO 19538 --- [fruit-salad-rest-api] [http-nio-8080-exec-4] o.a.c.c.C.[Tomcat].[localhost].[/]       : Initializing Spring DispatcherServlet 'dispatcherServlet'
2025-03-25T09:57:13.226+03:00  INFO 19538 --- [fruit-salad-rest-api] [http-nio-8080-exec-4] o.s.web.servlet.DispatcherServlet        : Initializing Servlet 'dispatcherServlet'
2025-03-25T09:57:13.235+03:00  INFO 19538 --- [fruit-salad-rest-api] [http-nio-8080-exec-4] o.s.web.servlet.DispatcherServlet        : Completed initialization in 8 ms
2025-03-25T09:57:27.387+03:00  INFO 19538 --- [fruit-salad-rest-api] [SpringApplicationShutdownHook] o.s.b.w.e.tomcat.GracefulShutdown        : Commencing graceful shutdown. Waiting for active requests to complete
2025-03-25T09:57:27.403+03:00  INFO 19538 --- [fruit-salad-rest-api] [tomcat-shutdown] o.s.b.w.e.tomcat.GracefulShutdown        : Graceful shutdown complete
2025-03-25T09:57:27.416+03:00  INFO 19538 --- [fruit-salad-rest-api] [SpringApplicationShutdownHook] j.LocalContainerEntityManagerFactoryBean : Closing JPA EntityManagerFactory for persistence unit 'default'
2025-03-25T09:57:27.420+03:00  INFO 19538 --- [fruit-salad-rest-api] [SpringApplicationShutdownHook] com.zaxxer.hikari.HikariDataSource       : HikariPool-1 - Shutdown initiated...
2025-03-25T09:57:27.425+03:00  INFO 19538 --- [fruit-salad-rest-api] [SpringApplicationShutdownHook] com.zaxxer.hikari.HikariDataSource       : HikariPool-1 - Shutdown completed.
2025-03-25T18:26:18.506+03:00  INFO 22895 --- [fruit-salad-rest-api] [main] t.r.f.FruitSaladRestApiApplication       : Starting FruitSaladRestApiApplication using Java 21.0.4 with PID 22895 (/Users/rodemark/Documents/Java-Education/Java-Project/fruit-salad-rest-api/target/classes started by rodemark in /Users/rodemark/Documents/Java-Education/Java-Project/fruit-salad-rest-api)
2025-03-25T18:26:18.508+03:00  INFO 22895 --- [fruit-salad-rest-api] [main] t.r.f.FruitSaladRestApiApplication       : No active profile set, falling back to 1 default profile: "default"
2025-03-25T18:26:19.143+03:00  INFO 22895 --- [fruit-salad-rest-api] [main] .s.d.r.c.RepositoryConfigurationDelegate : Bootstrapping Spring Data JPA repositories in DEFAULT mode.
2025-03-25T18:26:19.255+03:00  INFO 22895 --- [fruit-salad-rest-api] [main] .s.d.r.c.RepositoryConfigurationDelegate : Finished Spring Data repository scanning in 104 ms. Found 1 JPA repository interface.
2025-03-25T18:26:19.635+03:00  INFO 22895 --- [fruit-salad-rest-api] [main] o.s.b.w.embedded.tomcat.TomcatWebServer  : Tomcat initialized with port 8080 (http)
2025-03-25T18:26:19.656+03:00  INFO 22895 --- [fruit-salad-rest-api] [main] o.apache.catalina.core.StandardService   : Starting service [Tomcat]
2025-03-25T18:26:19.657+03:00  INFO 22895 --- [fruit-salad-rest-api] [main] o.apache.catalina.core.StandardEngine    : Starting Servlet engine: [Apache Tomcat/10.1.39]
2025-03-25T18:26:19.700+03:00  INFO 22895 --- [fruit-salad-rest-api] [main] o.a.c.c.C.[Tomcat].[localhost].[/]       : Initializing Spring embedded WebApplicationContext
2025-03-25T18:26:19.701+03:00  INFO 22895 --- [fruit-salad-rest-api] [main] w.s.c.ServletWebServerApplicationContext : Root WebApplicationContext: initialization completed in 1139 ms
2025-03-25T18:26:19.835+03:00  INFO 22895 --- [fruit-salad-rest-api] [main] o.hibernate.jpa.internal.util.LogHelper  : HHH000204: Processing PersistenceUnitInfo [name: default]
2025-03-25T18:26:19.897+03:00  INFO 22895 --- [fruit-salad-rest-api] [main] org.hibernate.Version                    : HHH000412: Hibernate ORM core version 6.6.11.Final
2025-03-25T18:26:19.926+03:00  INFO 22895 --- [fruit-salad-rest-api] [main] o.h.c.internal.RegionFactoryInitiator    : HHH000026: Second-level cache disabled
2025-03-25T18:26:20.136+03:00  INFO 22895 --- [fruit-salad-rest-api] [main] o.s.o.j.p.SpringPersistenceUnitInfo      : No LoadTimeWeaver setup: ignoring JPA class transformer
2025-03-25T18:26:20.157+03:00  INFO 22895 --- [fruit-salad-rest-api] [main] com.zaxxer.hikari.HikariDataSource       : HikariPool-1 - Starting...
2025-03-25T18:26:20.241+03:00  INFO 22895 --- [fruit-salad-rest-api] [main] com.zaxxer.hikari.pool.HikariPool        : HikariPool-1 - Added connection org.postgresql.jdbc.PgConnection@ce2eaa7
2025-03-25T18:26:20.242+03:00  INFO 22895 --- [fruit-salad-rest-api] [main] com.zaxxer.hikari.HikariDataSource       : HikariPool-1 - Start completed.
2025-03-25T18:26:20.318+03:00  INFO 22895 --- [fruit-salad-rest-api] [main] org.hibernate.orm.connections.pooling    : HHH10001005: Database info:
	Database JDBC URL [Connecting through datasource 'HikariDataSource (HikariPool-1)']
	Database driver: undefined/unknown
	Database version: 16.6
	Autocommit mode: undefined/unknown
	Isolation level: undefined/unknown
	Minimum pool size: undefined/unknown
	Maximum pool size: undefined/unknown
2025-03-25T18:26:20.982+03:00  INFO 22895 --- [fruit-salad-rest-api] [main] o.h.e.t.j.p.i.JtaPlatformInitiator       : HHH000489: No JTA platform available (set 'hibernate.transaction.jta.platform' to enable JTA platform integration)
2025-03-25T18:26:21.264+03:00  INFO 22895 --- [fruit-salad-rest-api] [main] j.LocalContainerEntityManagerFactoryBean : Initialized JPA EntityManagerFactory for persistence unit 'default'
2025-03-25T18:26:21.356+03:00  WARN 22895 --- [fruit-salad-rest-api] [main] ConfigServletWebServerApplicationContext : Exception encountered during context initialization - cancelling refresh attempt: org.springframework.beans.factory.UnsatisfiedDependencyException: Error creating bean with name 'saladController' defined in file [/Users/rodemark/Documents/Java-Education/Java-Project/fruit-salad-rest-api/target/classes/team/rode/fruitsaladrestapi/controllers/SaladController.class]: Unsatisfied dependency expressed through constructor parameter 0: Error creating bean with name 'fruitService' defined in file [/Users/rodemark/Documents/Java-Education/Java-Project/fruit-salad-rest-api/target/classes/team/rode/fruitsaladrestapi/external/fruitapi/FruitService.class]: Unexpected exception during bean creation
2025-03-25T18:26:21.357+03:00  INFO 22895 --- [fruit-salad-rest-api] [main] j.LocalContainerEntityManagerFactoryBean : Closing JPA EntityManagerFactory for persistence unit 'default'
2025-03-25T18:26:21.359+03:00  INFO 22895 --- [fruit-salad-rest-api] [main] com.zaxxer.hikari.HikariDataSource       : HikariPool-1 - Shutdown initiated...
2025-03-25T18:26:21.361+03:00  INFO 22895 --- [fruit-salad-rest-api] [main] com.zaxxer.hikari.HikariDataSource       : HikariPool-1 - Shutdown completed.
2025-03-25T18:26:21.364+03:00  INFO 22895 --- [fruit-salad-rest-api] [main] o.apache.catalina.core.StandardService   : Stopping service [Tomcat]
2025-03-25T18:26:21.374+03:00  INFO 22895 --- [fruit-salad-rest-api] [main] .s.b.a.l.ConditionEvaluationReportLogger : 

Error starting ApplicationContext. To display the condition evaluation report re-run your application with 'debug' enabled.
2025-03-25T18:26:21.387+03:00 ERROR 22895 --- [fruit-salad-rest-api] [main] o.s.boot.SpringApplication               : Application run failed

org.springframework.beans.factory.UnsatisfiedDependencyException: Error creating bean with name 'saladController' defined in file [/Users/rodemark/Documents/Java-Education/Java-Project/fruit-salad-rest-api/target/classes/team/rode/fruitsaladrestapi/controllers/SaladController.class]: Unsatisfied dependency expressed through constructor parameter 0: Error creating bean with name 'fruitService' defined in file [/Users/rodemark/Documents/Java-Education/Java-Project/fruit-salad-rest-api/target/classes/team/rode/fruitsaladrestapi/external/fruitapi/FruitService.class]: Unexpected exception during bean creation
	at org.springframework.beans.factory.support.ConstructorResolver.createArgumentArray(ConstructorResolver.java:804) ~[spring-beans-6.2.5.jar:6.2.5]
	at org.springframework.beans.factory.support.ConstructorResolver.autowireConstructor(ConstructorResolver.java:240) ~[spring-beans-6.2.5.jar:6.2.5]
	at org.springframework.beans.factory.support.AbstractAutowireCapableBeanFactory.autowireConstructor(AbstractAutowireCapableBeanFactory.java:1381) ~[spring-beans-6.2.5.jar:6.2.5]
	at org.springframework.beans.factory.support.AbstractAutowireCapableBeanFactory.createBeanInstance(AbstractAutowireCapableBeanFactory.java:1218) ~[spring-beans-6.2.5.jar:6.2.5]
	at org.springframework.beans.factory.support.AbstractAutowireCapableBeanFactory.doCreateBean(AbstractAutowireCapableBeanFactory.java:563) ~[spring-beans-6.2.5.jar:6.2.5]
	at org.springframework.beans.factory.support.AbstractAutowireCapableBeanFactory.createBean(AbstractAutowireCapableBeanFactory.java:523) ~[spring-beans-6.2.5.jar:6.2.5]
	at org.springframework.beans.factory.support.AbstractBeanFactory.lambda$doGetBean$0(AbstractBeanFactory.java:339) ~[spring-beans-6.2.5.jar:6.2.5]
	at org.springframework.beans.factory.support.DefaultSingletonBeanRegistry.getSingleton(DefaultSingletonBeanRegistry.java:347) ~[spring-beans-6.2.5.jar:6.2.5]
	at org.springframework.beans.factory.support.AbstractBeanFactory.doGetBean(AbstractBeanFactory.java:337) ~[spring-beans-6.2.5.jar:6.2.5]
	at org.springframework.beans.factory.support.AbstractBeanFactory.getBean(AbstractBeanFactory.java:202) ~[spring-beans-6.2.5.jar:6.2.5]
	at org.springframework.beans.factory.support.DefaultListableBeanFactory.instantiateSingleton(DefaultListableBeanFactory.java:1155) ~[spring-beans-6.2.5.jar:6.2.5]
	at org.springframework.beans.factory.support.DefaultListableBeanFactory.preInstantiateSingleton(DefaultListableBeanFactory.java:1121) ~[spring-beans-6.2.5.jar:6.2.5]
	at org.springframework.beans.factory.support.DefaultListableBeanFactory.preInstantiateSingletons(DefaultListableBeanFactory.java:1056) ~[spring-beans-6.2.5.jar:6.2.5]
	at org.springframework.context.support.AbstractApplicationContext.finishBeanFactoryInitialization(AbstractApplicationContext.java:987) ~[spring-context-6.2.5.jar:6.2.5]
	at org.springframework.context.support.AbstractApplicationContext.refresh(AbstractApplicationContext.java:627) ~[spring-context-6.2.5.jar:6.2.5]
	at org.springframework.boot.web.servlet.context.ServletWebServerApplicationContext.refresh(ServletWebServerApplicationContext.java:146) ~[spring-boot-3.4.4.jar:3.4.4]
	at org.springframework.boot.SpringApplication.refresh(SpringApplication.java:752) ~[spring-boot-3.4.4.jar:3.4.4]
	at org.springframework.boot.SpringApplication.refreshContext(SpringApplication.java:439) ~[spring-boot-3.4.4.jar:3.4.4]
	at org.springframework.boot.SpringApplication.run(SpringApplication.java:318) ~[spring-boot-3.4.4.jar:3.4.4]
	at org.springframework.boot.SpringApplication.run(SpringApplication.java:1361) ~[spring-boot-3.4.4.jar:3.4.4]
	at org.springframework.boot.SpringApplication.run(SpringApplication.java:1350) ~[spring-boot-3.4.4.jar:3.4.4]
	at team.rode.fruitsaladrestapi.FruitSaladRestApiApplication.main(FruitSaladRestApiApplication.java:18) ~[classes/:na]
Caused by: org.springframework.beans.factory.BeanCreationException: Error creating bean with name 'fruitService' defined in file [/Users/rodemark/Documents/Java-Education/Java-Project/fruit-salad-rest-api/target/classes/team/rode/fruitsaladrestapi/external/fruitapi/FruitService.class]: Unexpected exception during bean creation
	at org.springframework.beans.factory.support.AbstractAutowireCapableBeanFactory.createBean(AbstractAutowireCapableBeanFactory.java:536) ~[spring-beans-6.2.5.jar:6.2.5]
	at org.springframework.beans.factory.support.AbstractBeanFactory.lambda$doGetBean$0(AbstractBeanFactory.java:339) ~[spring-beans-6.2.5.jar:6.2.5]
	at org.springframework.beans.factory.support.DefaultSingletonBeanRegistry.getSingleton(DefaultSingletonBeanRegistry.java:347) ~[spring-beans-6.2.5.jar:6.2.5]
	at org.springframework.beans.factory.support.AbstractBeanFactory.doGetBean(AbstractBeanFactory.java:337) ~[spring-beans-6.2.5.jar:6.2.5]
	at org.springframework.beans.factory.support.AbstractBeanFactory.getBean(AbstractBeanFactory.java:202) ~[spring-beans-6.2.5.jar:6.2.5]
	at org.springframework.beans.factory.support.DefaultListableBeanFactory.doResolveDependency(DefaultListableBeanFactory.java:1609) ~[spring-beans-6.2.5.jar:6.2.5]
	at org.springframework.beans.factory.support.DefaultListableBeanFactory.resolveDependency(DefaultListableBeanFactory.java:1555) ~[spring-beans-6.2.5.jar:6.2.5]
	at org.springframework.beans.factory.support.ConstructorResolver.resolveAutowiredArgument(ConstructorResolver.java:913) ~[spring-beans-6.2.5.jar:6.2.5]
	at org.springframework.beans.factory.support.ConstructorResolver.createArgumentArray(ConstructorResolver.java:791) ~[spring-beans-6.2.5.jar:6.2.5]
	... 21 common frames omitted
Caused by: org.springframework.util.PlaceholderResolutionException: Could not resolve placeholder 'external.api.url' in value "${external.api.url}"
	at org.springframework.util.PlaceholderResolutionException.withValue(PlaceholderResolutionException.java:81) ~[spring-core-6.2.5.jar:6.2.5]
	at org.springframework.util.PlaceholderParser$ParsedValue.resolve(PlaceholderParser.java:423) ~[spring-core-6.2.5.jar:6.2.5]
	at org.springframework.util.PlaceholderParser.replacePlaceholders(PlaceholderParser.java:128) ~[spring-core-6.2.5.jar:6.2.5]
	at org.springframework.util.PropertyPlaceholderHelper.parseStringValue(PropertyPlaceholderHelper.java:118) ~[spring-core-6.2.5.jar:6.2.5]
	at org.springframework.util.PropertyPlaceholderHelper.replacePlaceholders(PropertyPlaceholderHelper.java:114) ~[spring-core-6.2.5.jar:6.2.5]
	at org.springframework.core.env.AbstractPropertyResolver.doResolvePlaceholders(AbstractPropertyResolver.java:255) ~[spring-core-6.2.5.jar:6.2.5]
	at org.springframework.core.env.AbstractPropertyResolver.resolveRequiredPlaceholders(AbstractPropertyResolver.java:226) ~[spring-core-6.2.5.jar:6.2.5]
	at org.springframework.context.support.PropertySourcesPlaceholderConfigurer.lambda$processProperties$0(PropertySourcesPlaceholderConfigurer.java:201) ~[spring-context-6.2.5.jar:6.2.5]
	at org.springframework.beans.factory.support.AbstractBeanFactory.resolveEmbeddedValue(AbstractBeanFactory.java:971) ~[spring-beans-6.2.5.jar:6.2.5]
	at org.springframework.beans.factory.support.DefaultListableBeanFactory.doResolveDependency(DefaultListableBeanFactory.java:1577) ~[spring-beans-6.2.5.jar:6.2.5]
	at org.springframework.beans.factory.support.DefaultListableBeanFactory.resolveDependency(DefaultListableBeanFactory.java:1555) ~[spring-beans-6.2.5.jar:6.2.5]
	at org.springframework.beans.factory.support.ConstructorResolver.resolveAutowiredArgument(ConstructorResolver.java:913) ~[spring-beans-6.2.5.jar:6.2.5]
	at org.springframework.beans.factory.support.ConstructorResolver.createArgumentArray(ConstructorResolver.java:791) ~[spring-beans-6.2.5.jar:6.2.5]
	at org.springframework.beans.factory.support.ConstructorResolver.autowireConstructor(ConstructorResolver.java:240) ~[spring-beans-6.2.5.jar:6.2.5]
	at org.springframework.beans.factory.support.AbstractAutowireCapableBeanFactory.autowireConstructor(AbstractAutowireCapableBeanFactory.java:1381) ~[spring-beans-6.2.5.jar:6.2.5]
	at org.springframework.beans.factory.support.AbstractAutowireCapableBeanFactory.createBeanInstance(AbstractAutowireCapableBeanFactory.java:1218) ~[spring-beans-6.2.5.jar:6.2.5]
	at org.springframework.beans.factory.support.AbstractAutowireCapableBeanFactory.doCreateBean(AbstractAutowireCapableBeanFactory.java:563) ~[spring-beans-6.2.5.jar:6.2.5]
	at org.springframework.beans.factory.support.AbstractAutowireCapableBeanFactory.createBean(AbstractAutowireCapableBeanFactory.java:523) ~[spring-beans-6.2.5.jar:6.2.5]
	... 29 common frames omitted

2025-03-25T18:28:24.605+03:00  INFO 22964 --- [fruit-salad-rest-api] [main] t.r.f.FruitSaladRestApiApplication       : Starting FruitSaladRestApiApplication using Java 21.0.4 with PID 22964 (/Users/rodemark/Documents/Java-Education/Java-Project/fruit-salad-rest-api/target/classes started by rodemark in /Users/rodemark/Documents/Java-Education/Java-Project/fruit-salad-rest-api)
2025-03-25T18:28:24.609+03:00  INFO 22964 --- [fruit-salad-rest-api] [main] t.r.f.FruitSaladRestApiApplication       : No active profile set, falling back to 1 default profile: "default"
2025-03-25T18:28:25.492+03:00  INFO 22964 --- [fruit-salad-rest-api] [main] .s.d.r.c.RepositoryConfigurationDelegate : Bootstrapping Spring Data JPA repositories in DEFAULT mode.
2025-03-25T18:28:25.640+03:00  INFO 22964 --- [fruit-salad-rest-api] [main] .s.d.r.c.RepositoryConfigurationDelegate : Finished Spring Data repository scanning in 140 ms. Found 1 JPA repository interface.
2025-03-25T18:28:26.076+03:00  INFO 22964 --- [fruit-salad-rest-api] [main] o.s.b.w.embedded.tomcat.TomcatWebServer  : Tomcat initialized with port 8080 (http)
2025-03-25T18:28:26.099+03:00  INFO 22964 --- [fruit-salad-rest-api] [main] o.apache.catalina.core.StandardService   : Starting service [Tomcat]
2025-03-25T18:28:26.100+03:00  INFO 22964 --- [fruit-salad-rest-api] [main] o.apache.catalina.core.StandardEngine    : Starting Servlet engine: [Apache Tomcat/10.1.39]
2025-03-25T18:28:26.140+03:00  INFO 22964 --- [fruit-salad-rest-api] [main] o.a.c.c.C.[Tomcat].[localhost].[/]       : Initializing Spring embedded WebApplicationContext
2025-03-25T18:28:26.141+03:00  INFO 22964 --- [fruit-salad-rest-api] [main] w.s.c.ServletWebServerApplicationContext : Root WebApplicationContext: initialization completed in 1478 ms
2025-03-25T18:28:26.277+03:00  INFO 22964 --- [fruit-salad-rest-api] [main] o.hibernate.jpa.internal.util.LogHelper  : HHH000204: Processing PersistenceUnitInfo [name: default]
2025-03-25T18:28:26.333+03:00  INFO 22964 --- [fruit-salad-rest-api] [main] org.hibernate.Version                    : HHH000412: Hibernate ORM core version 6.6.11.Final
2025-03-25T18:28:26.362+03:00  INFO 22964 --- [fruit-salad-rest-api] [main] o.h.c.internal.RegionFactoryInitiator    : HHH000026: Second-level cache disabled
2025-03-25T18:28:26.575+03:00  INFO 22964 --- [fruit-salad-rest-api] [main] o.s.o.j.p.SpringPersistenceUnitInfo      : No LoadTimeWeaver setup: ignoring JPA class transformer
2025-03-25T18:28:26.602+03:00  INFO 22964 --- [fruit-salad-rest-api] [main] com.zaxxer.hikari.HikariDataSource       : HikariPool-1 - Starting...
2025-03-25T18:28:26.687+03:00  INFO 22964 --- [fruit-salad-rest-api] [main] com.zaxxer.hikari.pool.HikariPool        : HikariPool-1 - Added connection org.postgresql.jdbc.PgConnection@2166c48a
2025-03-25T18:28:26.688+03:00  INFO 22964 --- [fruit-salad-rest-api] [main] com.zaxxer.hikari.HikariDataSource       : HikariPool-1 - Start completed.
2025-03-25T18:28:26.747+03:00  INFO 22964 --- [fruit-salad-rest-api] [main] org.hibernate.orm.connections.pooling    : HHH10001005: Database info:
	Database JDBC URL [Connecting through datasource 'HikariDataSource (HikariPool-1)']
	Database driver: undefined/unknown
	Database version: 16.6
	Autocommit mode: undefined/unknown
	Isolation level: undefined/unknown
	Minimum pool size: undefined/unknown
	Maximum pool size: undefined/unknown
2025-03-25T18:28:27.422+03:00  INFO 22964 --- [fruit-salad-rest-api] [main] o.h.e.t.j.p.i.JtaPlatformInitiator       : HHH000489: No JTA platform available (set 'hibernate.transaction.jta.platform' to enable JTA platform integration)
2025-03-25T18:28:27.550+03:00  INFO 22964 --- [fruit-salad-rest-api] [main] j.LocalContainerEntityManagerFactoryBean : Initialized JPA EntityManagerFactory for persistence unit 'default'
2025-03-25T18:28:27.871+03:00  WARN 22964 --- [fruit-salad-rest-api] [main] JpaBaseConfiguration$JpaWebConfiguration : spring.jpa.open-in-view is enabled by default. Therefore, database queries may be performed during view rendering. Explicitly configure spring.jpa.open-in-view to disable this warning
2025-03-25T18:28:28.208+03:00 ERROR 22964 --- [fruit-salad-rest-api] [main] i.n.r.d.DnsServerAddressStreamProviders  : Unable to load io.netty.resolver.dns.macos.MacOSDnsServerAddressStreamProvider, fallback to system defaults. This may result in incorrect DNS resolutions on MacOS. Check whether you have a dependency on 'io.netty:netty-resolver-dns-native-macos'. Use DEBUG level to see the full stack: java.lang.UnsatisfiedLinkError: failed to load the required native library
2025-03-25T18:28:28.220+03:00  INFO 22964 --- [fruit-salad-rest-api] [main] o.s.b.w.embedded.tomcat.TomcatWebServer  : Tomcat started on port 8080 (http) with context path '/'
2025-03-25T18:28:28.227+03:00  INFO 22964 --- [fruit-salad-rest-api] [main] t.r.f.FruitSaladRestApiApplication       : Started FruitSaladRestApiApplication in 3.943 seconds (process running for 4.604)
2025-03-25T18:28:35.296+03:00  INFO 22964 --- [fruit-salad-rest-api] [http-nio-8080-exec-1] o.a.c.c.C.[Tomcat].[localhost].[/]       : Initializing Spring DispatcherServlet 'dispatcherServlet'
2025-03-25T18:28:35.297+03:00  INFO 22964 --- [fruit-salad-rest-api] [http-nio-8080-exec-1] o.s.web.servlet.DispatcherServlet        : Initializing Servlet 'dispatcherServlet'
2025-03-25T18:28:35.300+03:00  INFO 22964 --- [fruit-salad-rest-api] [http-nio-8080-exec-1] o.s.web.servlet.DispatcherServlet        : Completed initialization in 3 ms
2025-03-25T18:28:36.300+03:00  WARN 22964 --- [fruit-salad-rest-api] [http-nio-8080-exec-1] .w.s.m.s.DefaultHandlerExceptionResolver : Resolved [org.springframework.web.HttpMediaTypeNotAcceptableException: No acceptable representation]
2025-03-25T18:28:43.178+03:00  WARN 22964 --- [fruit-salad-rest-api] [http-nio-8080-exec-3] .w.s.m.s.DefaultHandlerExceptionResolver : Resolved [org.springframework.web.HttpMediaTypeNotAcceptableException: No acceptable representation]
2025-03-25T18:30:27.117+03:00  INFO 22964 --- [fruit-salad-rest-api] [SpringApplicationShutdownHook] o.s.b.w.e.tomcat.GracefulShutdown        : Commencing graceful shutdown. Waiting for active requests to complete
2025-03-25T18:30:27.125+03:00  INFO 22964 --- [fruit-salad-rest-api] [tomcat-shutdown] o.s.b.w.e.tomcat.GracefulShutdown        : Graceful shutdown complete
2025-03-25T18:30:31.292+03:00  INFO 22964 --- [fruit-salad-rest-api] [SpringApplicationShutdownHook] j.LocalContainerEntityManagerFactoryBean : Closing JPA EntityManagerFactory for persistence unit 'default'
2025-03-25T18:30:31.298+03:00  INFO 22964 --- [fruit-salad-rest-api] [SpringApplicationShutdownHook] com.zaxxer.hikari.HikariDataSource       : HikariPool-1 - Shutdown initiated...
2025-03-25T18:30:31.301+03:00  INFO 22964 --- [fruit-salad-rest-api] [SpringApplicationShutdownHook] com.zaxxer.hikari.HikariDataSource       : HikariPool-1 - Shutdown completed.
2025-03-25T18:30:34.624+03:00  INFO 23018 --- [fruit-salad-rest-api] [main] t.r.f.FruitSaladRestApiApplication       : Starting FruitSaladRestApiApplication using Java 21.0.4 with PID 23018 (/Users/rodemark/Documents/Java-Education/Java-Project/fruit-salad-rest-api/target/classes started by rodemark in /Users/rodemark/Documents/Java-Education/Java-Project/fruit-salad-rest-api)
2025-03-25T18:30:34.626+03:00  INFO 23018 --- [fruit-salad-rest-api] [main] t.r.f.FruitSaladRestApiApplication       : No active profile set, falling back to 1 default profile: "default"
2025-03-25T18:30:35.125+03:00  INFO 23018 --- [fruit-salad-rest-api] [main] .s.d.r.c.RepositoryConfigurationDelegate : Bootstrapping Spring Data JPA repositories in DEFAULT mode.
2025-03-25T18:30:35.233+03:00  INFO 23018 --- [fruit-salad-rest-api] [main] .s.d.r.c.RepositoryConfigurationDelegate : Finished Spring Data repository scanning in 101 ms. Found 1 JPA repository interface.
2025-03-25T18:30:35.576+03:00  INFO 23018 --- [fruit-salad-rest-api] [main] o.s.b.w.embedded.tomcat.TomcatWebServer  : Tomcat initialized with port 8080 (http)
2025-03-25T18:30:35.595+03:00  INFO 23018 --- [fruit-salad-rest-api] [main] o.apache.catalina.core.StandardService   : Starting service [Tomcat]
2025-03-25T18:30:35.595+03:00  INFO 23018 --- [fruit-salad-rest-api] [main] o.apache.catalina.core.StandardEngine    : Starting Servlet engine: [Apache Tomcat/10.1.39]
2025-03-25T18:30:35.625+03:00  INFO 23018 --- [fruit-salad-rest-api] [main] o.a.c.c.C.[Tomcat].[localhost].[/]       : Initializing Spring embedded WebApplicationContext
2025-03-25T18:30:35.625+03:00  INFO 23018 --- [fruit-salad-rest-api] [main] w.s.c.ServletWebServerApplicationContext : Root WebApplicationContext: initialization completed in 958 ms
2025-03-25T18:30:35.728+03:00  INFO 23018 --- [fruit-salad-rest-api] [main] o.hibernate.jpa.internal.util.LogHelper  : HHH000204: Processing PersistenceUnitInfo [name: default]
2025-03-25T18:30:35.764+03:00  INFO 23018 --- [fruit-salad-rest-api] [main] org.hibernate.Version                    : HHH000412: Hibernate ORM core version 6.6.11.Final
2025-03-25T18:30:35.787+03:00  INFO 23018 --- [fruit-salad-rest-api] [main] o.h.c.internal.RegionFactoryInitiator    : HHH000026: Second-level cache disabled
2025-03-25T18:30:35.970+03:00  INFO 23018 --- [fruit-salad-rest-api] [main] o.s.o.j.p.SpringPersistenceUnitInfo      : No LoadTimeWeaver setup: ignoring JPA class transformer
2025-03-25T18:30:35.990+03:00  INFO 23018 --- [fruit-salad-rest-api] [main] com.zaxxer.hikari.HikariDataSource       : HikariPool-1 - Starting...
2025-03-25T18:30:36.071+03:00  INFO 23018 --- [fruit-salad-rest-api] [main] com.zaxxer.hikari.pool.HikariPool        : HikariPool-1 - Added connection org.postgresql.jdbc.PgConnection@61b8c9de
2025-03-25T18:30:36.072+03:00  INFO 23018 --- [fruit-salad-rest-api] [main] com.zaxxer.hikari.HikariDataSource       : HikariPool-1 - Start completed.
2025-03-25T18:30:36.133+03:00  INFO 23018 --- [fruit-salad-rest-api] [main] org.hibernate.orm.connections.pooling    : HHH10001005: Database info:
	Database JDBC URL [Connecting through datasource 'HikariDataSource (HikariPool-1)']
	Database driver: undefined/unknown
	Database version: 16.6
	Autocommit mode: undefined/unknown
	Isolation level: undefined/unknown
	Minimum pool size: undefined/unknown
	Maximum pool size: undefined/unknown
2025-03-25T18:30:36.751+03:00  INFO 23018 --- [fruit-salad-rest-api] [main] o.h.e.t.j.p.i.JtaPlatformInitiator       : HHH000489: No JTA platform available (set 'hibernate.transaction.jta.platform' to enable JTA platform integration)
2025-03-25T18:30:36.893+03:00  INFO 23018 --- [fruit-salad-rest-api] [main] j.LocalContainerEntityManagerFactoryBean : Initialized JPA EntityManagerFactory for persistence unit 'default'
2025-03-25T18:30:37.207+03:00  WARN 23018 --- [fruit-salad-rest-api] [main] JpaBaseConfiguration$JpaWebConfiguration : spring.jpa.open-in-view is enabled by default. Therefore, database queries may be performed during view rendering. Explicitly configure spring.jpa.open-in-view to disable this warning
2025-03-25T18:30:37.553+03:00 ERROR 23018 --- [fruit-salad-rest-api] [main] i.n.r.d.DnsServerAddressStreamProviders  : Unable to load io.netty.resolver.dns.macos.MacOSDnsServerAddressStreamProvider, fallback to system defaults. This may result in incorrect DNS resolutions on MacOS. Check whether you have a dependency on 'io.netty:netty-resolver-dns-native-macos'. Use DEBUG level to see the full stack: java.lang.UnsatisfiedLinkError: failed to load the required native library
2025-03-25T18:30:37.565+03:00  INFO 23018 --- [fruit-salad-rest-api] [main] o.s.b.w.embedded.tomcat.TomcatWebServer  : Tomcat started on port 8080 (http) with context path '/'
2025-03-25T18:30:37.572+03:00  INFO 23018 --- [fruit-salad-rest-api] [main] t.r.f.FruitSaladRestApiApplication       : Started FruitSaladRestApiApplication in 3.297 seconds (process running for 4.016)
2025-03-25T18:30:40.254+03:00  INFO 23018 --- [fruit-salad-rest-api] [http-nio-8080-exec-1] o.a.c.c.C.[Tomcat].[localhost].[/]       : Initializing Spring DispatcherServlet 'dispatcherServlet'
2025-03-25T18:30:40.254+03:00  INFO 23018 --- [fruit-salad-rest-api] [http-nio-8080-exec-1] o.s.web.servlet.DispatcherServlet        : Initializing Servlet 'dispatcherServlet'
2025-03-25T18:30:40.256+03:00  INFO 23018 --- [fruit-salad-rest-api] [http-nio-8080-exec-1] o.s.web.servlet.DispatcherServlet        : Completed initialization in 2 ms
2025-03-25T18:37:59.296+03:00  INFO 23018 --- [fruit-salad-rest-api] [SpringApplicationShutdownHook] o.s.b.w.e.tomcat.GracefulShutdown        : Commencing graceful shutdown. Waiting for active requests to complete
2025-03-25T18:37:59.308+03:00  INFO 23018 --- [fruit-salad-rest-api] [tomcat-shutdown] o.s.b.w.e.tomcat.GracefulShutdown        : Graceful shutdown complete
2025-03-25T18:38:01.424+03:00  INFO 23018 --- [fruit-salad-rest-api] [SpringApplicationShutdownHook] j.LocalContainerEntityManagerFactoryBean : Closing JPA EntityManagerFactory for persistence unit 'default'
2025-03-25T18:38:01.432+03:00  INFO 23018 --- [fruit-salad-rest-api] [SpringApplicationShutdownHook] com.zaxxer.hikari.HikariDataSource       : HikariPool-1 - Shutdown initiated...
2025-03-25T18:38:01.442+03:00  INFO 23018 --- [fruit-salad-rest-api] [SpringApplicationShutdownHook] com.zaxxer.hikari.HikariDataSource       : HikariPool-1 - Shutdown completed.
2025-03-25T18:38:05.094+03:00  INFO 23154 --- [fruit-salad-rest-api] [main] t.r.f.FruitSaladRestApiApplication       : Starting FruitSaladRestApiApplication using Java 21.0.4 with PID 23154 (/Users/rodemark/Documents/Java-Education/Java-Project/fruit-salad-rest-api/target/classes started by rodemark in /Users/rodemark/Documents/Java-Education/Java-Project/fruit-salad-rest-api)
2025-03-25T18:38:05.097+03:00  INFO 23154 --- [fruit-salad-rest-api] [main] t.r.f.FruitSaladRestApiApplication       : No active profile set, falling back to 1 default profile: "default"
2025-03-25T18:38:05.735+03:00  INFO 23154 --- [fruit-salad-rest-api] [main] .s.d.r.c.RepositoryConfigurationDelegate : Bootstrapping Spring Data JPA repositories in DEFAULT mode.
2025-03-25T18:38:05.846+03:00  INFO 23154 --- [fruit-salad-rest-api] [main] .s.d.r.c.RepositoryConfigurationDelegate : Finished Spring Data repository scanning in 104 ms. Found 1 JPA repository interface.
2025-03-25T18:38:06.198+03:00  INFO 23154 --- [fruit-salad-rest-api] [main] o.s.b.w.embedded.tomcat.TomcatWebServer  : Tomcat initialized with port 8080 (http)
2025-03-25T18:38:06.217+03:00  INFO 23154 --- [fruit-salad-rest-api] [main] o.apache.catalina.core.StandardService   : Starting service [Tomcat]
2025-03-25T18:38:06.217+03:00  INFO 23154 --- [fruit-salad-rest-api] [main] o.apache.catalina.core.StandardEngine    : Starting Servlet engine: [Apache Tomcat/10.1.39]
2025-03-25T18:38:06.246+03:00  INFO 23154 --- [fruit-salad-rest-api] [main] o.a.c.c.C.[Tomcat].[localhost].[/]       : Initializing Spring embedded WebApplicationContext
2025-03-25T18:38:06.247+03:00  INFO 23154 --- [fruit-salad-rest-api] [main] w.s.c.ServletWebServerApplicationContext : Root WebApplicationContext: initialization completed in 1091 ms
2025-03-25T18:38:06.347+03:00  INFO 23154 --- [fruit-salad-rest-api] [main] o.hibernate.jpa.internal.util.LogHelper  : HHH000204: Processing PersistenceUnitInfo [name: default]
2025-03-25T18:38:06.383+03:00  INFO 23154 --- [fruit-salad-rest-api] [main] org.hibernate.Version                    : HHH000412: Hibernate ORM core version 6.6.11.Final
2025-03-25T18:38:06.405+03:00  INFO 23154 --- [fruit-salad-rest-api] [main] o.h.c.internal.RegionFactoryInitiator    : HHH000026: Second-level cache disabled
2025-03-25T18:38:06.598+03:00  INFO 23154 --- [fruit-salad-rest-api] [main] o.s.o.j.p.SpringPersistenceUnitInfo      : No LoadTimeWeaver setup: ignoring JPA class transformer
2025-03-25T18:38:06.619+03:00  INFO 23154 --- [fruit-salad-rest-api] [main] com.zaxxer.hikari.HikariDataSource       : HikariPool-1 - Starting...
2025-03-25T18:38:06.696+03:00  INFO 23154 --- [fruit-salad-rest-api] [main] com.zaxxer.hikari.pool.HikariPool        : HikariPool-1 - Added connection org.postgresql.jdbc.PgConnection@18b04526
2025-03-25T18:38:06.697+03:00  INFO 23154 --- [fruit-salad-rest-api] [main] com.zaxxer.hikari.HikariDataSource       : HikariPool-1 - Start completed.
2025-03-25T18:38:06.757+03:00  INFO 23154 --- [fruit-salad-rest-api] [main] org.hibernate.orm.connections.pooling    : HHH10001005: Database info:
	Database JDBC URL [Connecting through datasource 'HikariDataSource (HikariPool-1)']
	Database driver: undefined/unknown
	Database version: 16.6
	Autocommit mode: undefined/unknown
	Isolation level: undefined/unknown
	Minimum pool size: undefined/unknown
	Maximum pool size: undefined/unknown
2025-03-25T18:38:07.362+03:00  INFO 23154 --- [fruit-salad-rest-api] [main] o.h.e.t.j.p.i.JtaPlatformInitiator       : HHH000489: No JTA platform available (set 'hibernate.transaction.jta.platform' to enable JTA platform integration)
2025-03-25T18:38:07.485+03:00  INFO 23154 --- [fruit-salad-rest-api] [main] j.LocalContainerEntityManagerFactoryBean : Initialized JPA EntityManagerFactory for persistence unit 'default'
2025-03-25T18:38:07.807+03:00  WARN 23154 --- [fruit-salad-rest-api] [main] JpaBaseConfiguration$JpaWebConfiguration : spring.jpa.open-in-view is enabled by default. Therefore, database queries may be performed during view rendering. Explicitly configure spring.jpa.open-in-view to disable this warning
2025-03-25T18:38:08.149+03:00 ERROR 23154 --- [fruit-salad-rest-api] [main] i.n.r.d.DnsServerAddressStreamProviders  : Unable to load io.netty.resolver.dns.macos.MacOSDnsServerAddressStreamProvider, fallback to system defaults. This may result in incorrect DNS resolutions on MacOS. Check whether you have a dependency on 'io.netty:netty-resolver-dns-native-macos'. Use DEBUG level to see the full stack: java.lang.UnsatisfiedLinkError: failed to load the required native library
2025-03-25T18:38:08.161+03:00  INFO 23154 --- [fruit-salad-rest-api] [main] o.s.b.w.embedded.tomcat.TomcatWebServer  : Tomcat started on port 8080 (http) with context path '/'
2025-03-25T18:38:08.169+03:00  INFO 23154 --- [fruit-salad-rest-api] [main] t.r.f.FruitSaladRestApiApplication       : Started FruitSaladRestApiApplication in 3.56 seconds (process running for 4.257)
2025-03-25T18:38:10.459+03:00  INFO 23154 --- [fruit-salad-rest-api] [http-nio-8080-exec-1] o.a.c.c.C.[Tomcat].[localhost].[/]       : Initializing Spring DispatcherServlet 'dispatcherServlet'
2025-03-25T18:38:10.460+03:00  INFO 23154 --- [fruit-salad-rest-api] [http-nio-8080-exec-1] o.s.web.servlet.DispatcherServlet        : Initializing Servlet 'dispatcherServlet'
2025-03-25T18:38:10.466+03:00  INFO 23154 --- [fruit-salad-rest-api] [http-nio-8080-exec-1] o.s.web.servlet.DispatcherServlet        : Completed initialization in 6 ms
2025-03-25T18:38:18.226+03:00  INFO 23154 --- [fruit-salad-rest-api] [SpringApplicationShutdownHook] o.s.b.w.e.tomcat.GracefulShutdown        : Commencing graceful shutdown. Waiting for active requests to complete
2025-03-25T18:38:18.235+03:00  INFO 23154 --- [fruit-salad-rest-api] [tomcat-shutdown] o.s.b.w.e.tomcat.GracefulShutdown        : Graceful shutdown complete
2025-03-25T18:38:20.359+03:00  INFO 23154 --- [fruit-salad-rest-api] [SpringApplicationShutdownHook] j.LocalContainerEntityManagerFactoryBean : Closing JPA EntityManagerFactory for persistence unit 'default'
2025-03-25T18:38:20.364+03:00  INFO 23154 --- [fruit-salad-rest-api] [SpringApplicationShutdownHook] com.zaxxer.hikari.HikariDataSource       : HikariPool-1 - Shutdown initiated...
2025-03-25T18:38:20.367+03:00  INFO 23154 --- [fruit-salad-rest-api] [SpringApplicationShutdownHook] com.zaxxer.hikari.HikariDataSource       : HikariPool-1 - Shutdown completed.
2025-03-25T18:38:23.825+03:00  INFO 23172 --- [fruit-salad-rest-api] [main] t.r.f.FruitSaladRestApiApplication       : Starting FruitSaladRestApiApplication using Java 21.0.4 with PID 23172 (/Users/rodemark/Documents/Java-Education/Java-Project/fruit-salad-rest-api/target/classes started by rodemark in /Users/rodemark/Documents/Java-Education/Java-Project/fruit-salad-rest-api)
2025-03-25T18:38:23.827+03:00  INFO 23172 --- [fruit-salad-rest-api] [main] t.r.f.FruitSaladRestApiApplication       : No active profile set, falling back to 1 default profile: "default"
2025-03-25T18:38:24.394+03:00  INFO 23172 --- [fruit-salad-rest-api] [main] .s.d.r.c.RepositoryConfigurationDelegate : Bootstrapping Spring Data JPA repositories in DEFAULT mode.
2025-03-25T18:38:24.502+03:00  INFO 23172 --- [fruit-salad-rest-api] [main] .s.d.r.c.RepositoryConfigurationDelegate : Finished Spring Data repository scanning in 102 ms. Found 1 JPA repository interface.
2025-03-25T18:38:24.854+03:00  INFO 23172 --- [fruit-salad-rest-api] [main] o.s.b.w.embedded.tomcat.TomcatWebServer  : Tomcat initialized with port 8080 (http)
2025-03-25T18:38:24.865+03:00  INFO 23172 --- [fruit-salad-rest-api] [main] o.apache.catalina.core.StandardService   : Starting service [Tomcat]
2025-03-25T18:38:24.865+03:00  INFO 23172 --- [fruit-salad-rest-api] [main] o.apache.catalina.core.StandardEngine    : Starting Servlet engine: [Apache Tomcat/10.1.39]
2025-03-25T18:38:24.896+03:00  INFO 23172 --- [fruit-salad-rest-api] [main] o.a.c.c.C.[Tomcat].[localhost].[/]       : Initializing Spring embedded WebApplicationContext
2025-03-25T18:38:24.897+03:00  INFO 23172 --- [fruit-salad-rest-api] [main] w.s.c.ServletWebServerApplicationContext : Root WebApplicationContext: initialization completed in 1029 ms
2025-03-25T18:38:24.999+03:00  INFO 23172 --- [fruit-salad-rest-api] [main] o.hibernate.jpa.internal.util.LogHelper  : HHH000204: Processing PersistenceUnitInfo [name: default]
2025-03-25T18:38:25.032+03:00  INFO 23172 --- [fruit-salad-rest-api] [main] org.hibernate.Version                    : HHH000412: Hibernate ORM core version 6.6.11.Final
2025-03-25T18:38:25.052+03:00  INFO 23172 --- [fruit-salad-rest-api] [main] o.h.c.internal.RegionFactoryInitiator    : HHH000026: Second-level cache disabled
2025-03-25T18:38:25.228+03:00  INFO 23172 --- [fruit-salad-rest-api] [main] o.s.o.j.p.SpringPersistenceUnitInfo      : No LoadTimeWeaver setup: ignoring JPA class transformer
2025-03-25T18:38:25.247+03:00  INFO 23172 --- [fruit-salad-rest-api] [main] com.zaxxer.hikari.HikariDataSource       : HikariPool-1 - Starting...
2025-03-25T18:38:25.314+03:00  INFO 23172 --- [fruit-salad-rest-api] [main] com.zaxxer.hikari.pool.HikariPool        : HikariPool-1 - Added connection org.postgresql.jdbc.PgConnection@73385d3f
2025-03-25T18:38:25.314+03:00  INFO 23172 --- [fruit-salad-rest-api] [main] com.zaxxer.hikari.HikariDataSource       : HikariPool-1 - Start completed.
2025-03-25T18:38:25.360+03:00  INFO 23172 --- [fruit-salad-rest-api] [main] org.hibernate.orm.connections.pooling    : HHH10001005: Database info:
	Database JDBC URL [Connecting through datasource 'HikariDataSource (HikariPool-1)']
	Database driver: undefined/unknown
	Database version: 16.6
	Autocommit mode: undefined/unknown
	Isolation level: undefined/unknown
	Minimum pool size: undefined/unknown
	Maximum pool size: undefined/unknown
2025-03-25T18:38:25.971+03:00  INFO 23172 --- [fruit-salad-rest-api] [main] o.h.e.t.j.p.i.JtaPlatformInitiator       : HHH000489: No JTA platform available (set 'hibernate.transaction.jta.platform' to enable JTA platform integration)
2025-03-25T18:38:26.090+03:00  INFO 23172 --- [fruit-salad-rest-api] [main] j.LocalContainerEntityManagerFactoryBean : Initialized JPA EntityManagerFactory for persistence unit 'default'
2025-03-25T18:38:26.402+03:00  WARN 23172 --- [fruit-salad-rest-api] [main] JpaBaseConfiguration$JpaWebConfiguration : spring.jpa.open-in-view is enabled by default. Therefore, database queries may be performed during view rendering. Explicitly configure spring.jpa.open-in-view to disable this warning
2025-03-25T18:38:26.726+03:00 ERROR 23172 --- [fruit-salad-rest-api] [main] i.n.r.d.DnsServerAddressStreamProviders  : Unable to load io.netty.resolver.dns.macos.MacOSDnsServerAddressStreamProvider, fallback to system defaults. This may result in incorrect DNS resolutions on MacOS. Check whether you have a dependency on 'io.netty:netty-resolver-dns-native-macos'. Use DEBUG level to see the full stack: java.lang.UnsatisfiedLinkError: failed to load the required native library
2025-03-25T18:38:26.738+03:00  INFO 23172 --- [fruit-salad-rest-api] [main] o.s.b.w.embedded.tomcat.TomcatWebServer  : Tomcat started on port 8080 (http) with context path '/'
2025-03-25T18:38:26.744+03:00  INFO 23172 --- [fruit-salad-rest-api] [main] t.r.f.FruitSaladRestApiApplication       : Started FruitSaladRestApiApplication in 3.394 seconds (process running for 4.233)
2025-03-25T18:38:29.743+03:00  INFO 23172 --- [fruit-salad-rest-api] [http-nio-8080-exec-1] o.a.c.c.C.[Tomcat].[localhost].[/]       : Initializing Spring DispatcherServlet 'dispatcherServlet'
2025-03-25T18:38:29.743+03:00  INFO 23172 --- [fruit-salad-rest-api] [http-nio-8080-exec-1] o.s.web.servlet.DispatcherServlet        : Initializing Servlet 'dispatcherServlet'
2025-03-25T18:38:29.746+03:00  INFO 23172 --- [fruit-salad-rest-api] [http-nio-8080-exec-1] o.s.web.servlet.DispatcherServlet        : Completed initialization in 2 ms
2025-03-25T18:38:54.930+03:00  INFO 23172 --- [fruit-salad-rest-api] [SpringApplicationShutdownHook] o.s.b.w.e.tomcat.GracefulShutdown        : Commencing graceful shutdown. Waiting for active requests to complete
2025-03-25T18:38:54.936+03:00  INFO 23172 --- [fruit-salad-rest-api] [tomcat-shutdown] o.s.b.w.e.tomcat.GracefulShutdown        : Graceful shutdown complete
2025-03-25T18:38:57.038+03:00  INFO 23172 --- [fruit-salad-rest-api] [SpringApplicationShutdownHook] j.LocalContainerEntityManagerFactoryBean : Closing JPA EntityManagerFactory for persistence unit 'default'
2025-03-25T18:38:57.042+03:00  INFO 23172 --- [fruit-salad-rest-api] [SpringApplicationShutdownHook] com.zaxxer.hikari.HikariDataSource       : HikariPool-1 - Shutdown initiated...
2025-03-25T18:38:57.046+03:00  INFO 23172 --- [fruit-salad-rest-api] [SpringApplicationShutdownHook] com.zaxxer.hikari.HikariDataSource       : HikariPool-1 - Shutdown completed.
2025-03-25T18:43:03.845+03:00  INFO 23254 --- [fruit-salad-rest-api] [main] t.r.f.FruitSaladRestApiApplication       : Starting FruitSaladRestApiApplication using Java 21.0.4 with PID 23254 (/Users/rodemark/Documents/Java-Education/Java-Project/fruit-salad-rest-api/target/classes started by rodemark in /Users/rodemark/Documents/Java-Education/Java-Project/fruit-salad-rest-api)
2025-03-25T18:43:03.846+03:00  INFO 23254 --- [fruit-salad-rest-api] [main] t.r.f.FruitSaladRestApiApplication       : No active profile set, falling back to 1 default profile: "default"
2025-03-25T18:43:04.308+03:00  INFO 23254 --- [fruit-salad-rest-api] [main] .s.d.r.c.RepositoryConfigurationDelegate : Bootstrapping Spring Data JPA repositories in DEFAULT mode.
2025-03-25T18:43:04.415+03:00  INFO 23254 --- [fruit-salad-rest-api] [main] .s.d.r.c.RepositoryConfigurationDelegate : Finished Spring Data repository scanning in 101 ms. Found 1 JPA repository interface.
2025-03-25T18:43:04.764+03:00  INFO 23254 --- [fruit-salad-rest-api] [main] o.s.b.w.embedded.tomcat.TomcatWebServer  : Tomcat initialized with port 8080 (http)
2025-03-25T18:43:04.775+03:00  INFO 23254 --- [fruit-salad-rest-api] [main] o.apache.catalina.core.StandardService   : Starting service [Tomcat]
2025-03-25T18:43:04.775+03:00  INFO 23254 --- [fruit-salad-rest-api] [main] o.apache.catalina.core.StandardEngine    : Starting Servlet engine: [Apache Tomcat/10.1.39]
2025-03-25T18:43:04.806+03:00  INFO 23254 --- [fruit-salad-rest-api] [main] o.a.c.c.C.[Tomcat].[localhost].[/]       : Initializing Spring embedded WebApplicationContext
2025-03-25T18:43:04.807+03:00  INFO 23254 --- [fruit-salad-rest-api] [main] w.s.c.ServletWebServerApplicationContext : Root WebApplicationContext: initialization completed in 927 ms
2025-03-25T18:43:04.920+03:00  INFO 23254 --- [fruit-salad-rest-api] [main] o.hibernate.jpa.internal.util.LogHelper  : HHH000204: Processing PersistenceUnitInfo [name: default]
2025-03-25T18:43:04.956+03:00  INFO 23254 --- [fruit-salad-rest-api] [main] org.hibernate.Version                    : HHH000412: Hibernate ORM core version 6.6.11.Final
2025-03-25T18:43:04.977+03:00  INFO 23254 --- [fruit-salad-rest-api] [main] o.h.c.internal.RegionFactoryInitiator    : HHH000026: Second-level cache disabled
2025-03-25T18:43:05.169+03:00  INFO 23254 --- [fruit-salad-rest-api] [main] o.s.o.j.p.SpringPersistenceUnitInfo      : No LoadTimeWeaver setup: ignoring JPA class transformer
2025-03-25T18:43:05.190+03:00  INFO 23254 --- [fruit-salad-rest-api] [main] com.zaxxer.hikari.HikariDataSource       : HikariPool-1 - Starting...
2025-03-25T18:43:05.257+03:00  INFO 23254 --- [fruit-salad-rest-api] [main] com.zaxxer.hikari.pool.HikariPool        : HikariPool-1 - Added connection org.postgresql.jdbc.PgConnection@73385d3f
2025-03-25T18:43:05.258+03:00  INFO 23254 --- [fruit-salad-rest-api] [main] com.zaxxer.hikari.HikariDataSource       : HikariPool-1 - Start completed.
2025-03-25T18:43:05.303+03:00  INFO 23254 --- [fruit-salad-rest-api] [main] org.hibernate.orm.connections.pooling    : HHH10001005: Database info:
	Database JDBC URL [Connecting through datasource 'HikariDataSource (HikariPool-1)']
	Database driver: undefined/unknown
	Database version: 16.6
	Autocommit mode: undefined/unknown
	Isolation level: undefined/unknown
	Minimum pool size: undefined/unknown
	Maximum pool size: undefined/unknown
2025-03-25T18:43:05.915+03:00  INFO 23254 --- [fruit-salad-rest-api] [main] o.h.e.t.j.p.i.JtaPlatformInitiator       : HHH000489: No JTA platform available (set 'hibernate.transaction.jta.platform' to enable JTA platform integration)
2025-03-25T18:43:06.032+03:00  INFO 23254 --- [fruit-salad-rest-api] [main] j.LocalContainerEntityManagerFactoryBean : Initialized JPA EntityManagerFactory for persistence unit 'default'
2025-03-25T18:43:06.347+03:00  WARN 23254 --- [fruit-salad-rest-api] [main] JpaBaseConfiguration$JpaWebConfiguration : spring.jpa.open-in-view is enabled by default. Therefore, database queries may be performed during view rendering. Explicitly configure spring.jpa.open-in-view to disable this warning
2025-03-25T18:43:06.691+03:00 ERROR 23254 --- [fruit-salad-rest-api] [main] i.n.r.d.DnsServerAddressStreamProviders  : Unable to load io.netty.resolver.dns.macos.MacOSDnsServerAddressStreamProvider, fallback to system defaults. This may result in incorrect DNS resolutions on MacOS. Check whether you have a dependency on 'io.netty:netty-resolver-dns-native-macos'. Use DEBUG level to see the full stack: java.lang.UnsatisfiedLinkError: failed to load the required native library
2025-03-25T18:43:06.703+03:00  INFO 23254 --- [fruit-salad-rest-api] [main] o.s.b.w.embedded.tomcat.TomcatWebServer  : Tomcat started on port 8080 (http) with context path '/'
2025-03-25T18:43:06.710+03:00  INFO 23254 --- [fruit-salad-rest-api] [main] t.r.f.FruitSaladRestApiApplication       : Started FruitSaladRestApiApplication in 3.452 seconds (process running for 4.799)
2025-03-25T18:43:14.246+03:00  INFO 23254 --- [fruit-salad-rest-api] [http-nio-8080-exec-2] o.a.c.c.C.[Tomcat].[localhost].[/]       : Initializing Spring DispatcherServlet 'dispatcherServlet'
2025-03-25T18:43:14.247+03:00  INFO 23254 --- [fruit-salad-rest-api] [http-nio-8080-exec-2] o.s.web.servlet.DispatcherServlet        : Initializing Servlet 'dispatcherServlet'
2025-03-25T18:43:14.249+03:00  INFO 23254 --- [fruit-salad-rest-api] [http-nio-8080-exec-2] o.s.web.servlet.DispatcherServlet        : Completed initialization in 2 ms
2025-03-25T18:43:28.745+03:00  INFO 23254 --- [fruit-salad-rest-api] [SpringApplicationShutdownHook] o.s.b.w.e.tomcat.GracefulShutdown        : Commencing graceful shutdown. Waiting for active requests to complete
2025-03-25T18:43:28.751+03:00  INFO 23254 --- [fruit-salad-rest-api] [tomcat-shutdown] o.s.b.w.e.tomcat.GracefulShutdown        : Graceful shutdown complete
2025-03-25T18:43:32.915+03:00  INFO 23254 --- [fruit-salad-rest-api] [SpringApplicationShutdownHook] j.LocalContainerEntityManagerFactoryBean : Closing JPA EntityManagerFactory for persistence unit 'default'
2025-03-25T18:43:32.922+03:00  INFO 23254 --- [fruit-salad-rest-api] [SpringApplicationShutdownHook] com.zaxxer.hikari.HikariDataSource       : HikariPool-1 - Shutdown initiated...
2025-03-25T18:43:32.925+03:00  INFO 23254 --- [fruit-salad-rest-api] [SpringApplicationShutdownHook] com.zaxxer.hikari.HikariDataSource       : HikariPool-1 - Shutdown completed.
2025-03-25T18:43:36.712+03:00  INFO 23277 --- [fruit-salad-rest-api] [main] t.r.f.FruitSaladRestApiApplication       : Starting FruitSaladRestApiApplication using Java 21.0.4 with PID 23277 (/Users/rodemark/Documents/Java-Education/Java-Project/fruit-salad-rest-api/target/classes started by rodemark in /Users/rodemark/Documents/Java-Education/Java-Project/fruit-salad-rest-api)
2025-03-25T18:43:36.714+03:00  INFO 23277 --- [fruit-salad-rest-api] [main] t.r.f.FruitSaladRestApiApplication       : No active profile set, falling back to 1 default profile: "default"
2025-03-25T18:43:37.172+03:00  INFO 23277 --- [fruit-salad-rest-api] [main] .s.d.r.c.RepositoryConfigurationDelegate : Bootstrapping Spring Data JPA repositories in DEFAULT mode.
2025-03-25T18:43:37.277+03:00  INFO 23277 --- [fruit-salad-rest-api] [main] .s.d.r.c.RepositoryConfigurationDelegate : Finished Spring Data repository scanning in 98 ms. Found 1 JPA repository interface.
2025-03-25T18:43:37.623+03:00  INFO 23277 --- [fruit-salad-rest-api] [main] o.s.b.w.embedded.tomcat.TomcatWebServer  : Tomcat initialized with port 8080 (http)
2025-03-25T18:43:37.634+03:00  INFO 23277 --- [fruit-salad-rest-api] [main] o.apache.catalina.core.StandardService   : Starting service [Tomcat]
2025-03-25T18:43:37.634+03:00  INFO 23277 --- [fruit-salad-rest-api] [main] o.apache.catalina.core.StandardEngine    : Starting Servlet engine: [Apache Tomcat/10.1.39]
2025-03-25T18:43:37.664+03:00  INFO 23277 --- [fruit-salad-rest-api] [main] o.a.c.c.C.[Tomcat].[localhost].[/]       : Initializing Spring embedded WebApplicationContext
2025-03-25T18:43:37.665+03:00  INFO 23277 --- [fruit-salad-rest-api] [main] w.s.c.ServletWebServerApplicationContext : Root WebApplicationContext: initialization completed in 918 ms
2025-03-25T18:43:37.759+03:00  INFO 23277 --- [fruit-salad-rest-api] [main] o.hibernate.jpa.internal.util.LogHelper  : HHH000204: Processing PersistenceUnitInfo [name: default]
2025-03-25T18:43:37.792+03:00  INFO 23277 --- [fruit-salad-rest-api] [main] org.hibernate.Version                    : HHH000412: Hibernate ORM core version 6.6.11.Final
2025-03-25T18:43:37.811+03:00  INFO 23277 --- [fruit-salad-rest-api] [main] o.h.c.internal.RegionFactoryInitiator    : HHH000026: Second-level cache disabled
2025-03-25T18:43:37.989+03:00  INFO 23277 --- [fruit-salad-rest-api] [main] o.s.o.j.p.SpringPersistenceUnitInfo      : No LoadTimeWeaver setup: ignoring JPA class transformer
2025-03-25T18:43:38.007+03:00  INFO 23277 --- [fruit-salad-rest-api] [main] com.zaxxer.hikari.HikariDataSource       : HikariPool-1 - Starting...
2025-03-25T18:43:38.070+03:00  INFO 23277 --- [fruit-salad-rest-api] [main] com.zaxxer.hikari.pool.HikariPool        : HikariPool-1 - Added connection org.postgresql.jdbc.PgConnection@290c266c
2025-03-25T18:43:38.071+03:00  INFO 23277 --- [fruit-salad-rest-api] [main] com.zaxxer.hikari.HikariDataSource       : HikariPool-1 - Start completed.
2025-03-25T18:43:38.118+03:00  INFO 23277 --- [fruit-salad-rest-api] [main] org.hibernate.orm.connections.pooling    : HHH10001005: Database info:
	Database JDBC URL [Connecting through datasource 'HikariDataSource (HikariPool-1)']
	Database driver: undefined/unknown
	Database version: 16.6
	Autocommit mode: undefined/unknown
	Isolation level: undefined/unknown
	Minimum pool size: undefined/unknown
	Maximum pool size: undefined/unknown
2025-03-25T18:43:38.718+03:00  INFO 23277 --- [fruit-salad-rest-api] [main] o.h.e.t.j.p.i.JtaPlatformInitiator       : HHH000489: No JTA platform available (set 'hibernate.transaction.jta.platform' to enable JTA platform integration)
2025-03-25T18:43:38.849+03:00  INFO 23277 --- [fruit-salad-rest-api] [main] j.LocalContainerEntityManagerFactoryBean : Initialized JPA EntityManagerFactory for persistence unit 'default'
2025-03-25T18:43:39.152+03:00  WARN 23277 --- [fruit-salad-rest-api] [main] JpaBaseConfiguration$JpaWebConfiguration : spring.jpa.open-in-view is enabled by default. Therefore, database queries may be performed during view rendering. Explicitly configure spring.jpa.open-in-view to disable this warning
2025-03-25T18:43:39.473+03:00 ERROR 23277 --- [fruit-salad-rest-api] [main] i.n.r.d.DnsServerAddressStreamProviders  : Unable to load io.netty.resolver.dns.macos.MacOSDnsServerAddressStreamProvider, fallback to system defaults. This may result in incorrect DNS resolutions on MacOS. Check whether you have a dependency on 'io.netty:netty-resolver-dns-native-macos'. Use DEBUG level to see the full stack: java.lang.UnsatisfiedLinkError: failed to load the required native library
2025-03-25T18:43:39.484+03:00  INFO 23277 --- [fruit-salad-rest-api] [main] o.s.b.w.embedded.tomcat.TomcatWebServer  : Tomcat started on port 8080 (http) with context path '/'
2025-03-25T18:43:39.491+03:00  INFO 23277 --- [fruit-salad-rest-api] [main] t.r.f.FruitSaladRestApiApplication       : Started FruitSaladRestApiApplication in 3.093 seconds (process running for 3.885)
2025-03-25T18:43:45.844+03:00  INFO 23277 --- [fruit-salad-rest-api] [http-nio-8080-exec-2] o.a.c.c.C.[Tomcat].[localhost].[/]       : Initializing Spring DispatcherServlet 'dispatcherServlet'
2025-03-25T18:43:45.845+03:00  INFO 23277 --- [fruit-salad-rest-api] [http-nio-8080-exec-2] o.s.web.servlet.DispatcherServlet        : Initializing Servlet 'dispatcherServlet'
2025-03-25T18:43:45.848+03:00  INFO 23277 --- [fruit-salad-rest-api] [http-nio-8080-exec-2] o.s.web.servlet.DispatcherServlet        : Completed initialization in 3 ms
2025-03-25T18:43:52.954+03:00  INFO 23277 --- [fruit-salad-rest-api] [SpringApplicationShutdownHook] o.s.b.w.e.tomcat.GracefulShutdown        : Commencing graceful shutdown. Waiting for active requests to complete
2025-03-25T18:43:52.958+03:00  INFO 23277 --- [fruit-salad-rest-api] [tomcat-shutdown] o.s.b.w.e.tomcat.GracefulShutdown        : Graceful shutdown complete
2025-03-25T18:43:55.055+03:00  INFO 23277 --- [fruit-salad-rest-api] [SpringApplicationShutdownHook] j.LocalContainerEntityManagerFactoryBean : Closing JPA EntityManagerFactory for persistence unit 'default'
2025-03-25T18:43:55.060+03:00  INFO 23277 --- [fruit-salad-rest-api] [SpringApplicationShutdownHook] com.zaxxer.hikari.HikariDataSource       : HikariPool-1 - Shutdown initiated...
2025-03-25T18:43:55.063+03:00  INFO 23277 --- [fruit-salad-rest-api] [SpringApplicationShutdownHook] com.zaxxer.hikari.HikariDataSource       : HikariPool-1 - Shutdown completed.
2025-03-25T19:14:41.089+03:00  INFO 23825 --- [fruit-salad-rest-api] [main] t.r.f.FruitSaladRestApiApplication       : Starting FruitSaladRestApiApplication using Java 21.0.4 with PID 23825 (/Users/rodemark/Documents/Java-Education/Java-Project/fruit-salad-rest-api/target/classes started by rodemark in /Users/rodemark/Documents/Java-Education/Java-Project/fruit-salad-rest-api)
2025-03-25T19:14:41.090+03:00  INFO 23825 --- [fruit-salad-rest-api] [main] t.r.f.FruitSaladRestApiApplication       : No active profile set, falling back to 1 default profile: "default"
2025-03-25T19:14:41.585+03:00  INFO 23825 --- [fruit-salad-rest-api] [main] .s.d.r.c.RepositoryConfigurationDelegate : Bootstrapping Spring Data JPA repositories in DEFAULT mode.
2025-03-25T19:14:41.699+03:00  INFO 23825 --- [fruit-salad-rest-api] [main] .s.d.r.c.RepositoryConfigurationDelegate : Finished Spring Data repository scanning in 107 ms. Found 1 JPA repository interface.
2025-03-25T19:14:42.058+03:00  INFO 23825 --- [fruit-salad-rest-api] [main] o.s.b.w.embedded.tomcat.TomcatWebServer  : Tomcat initialized with port 8080 (http)
2025-03-25T19:14:42.069+03:00  INFO 23825 --- [fruit-salad-rest-api] [main] o.apache.catalina.core.StandardService   : Starting service [Tomcat]
2025-03-25T19:14:42.069+03:00  INFO 23825 --- [fruit-salad-rest-api] [main] o.apache.catalina.core.StandardEngine    : Starting Servlet engine: [Apache Tomcat/10.1.39]
2025-03-25T19:14:42.099+03:00  INFO 23825 --- [fruit-salad-rest-api] [main] o.a.c.c.C.[Tomcat].[localhost].[/]       : Initializing Spring embedded WebApplicationContext
2025-03-25T19:14:42.099+03:00  INFO 23825 --- [fruit-salad-rest-api] [main] w.s.c.ServletWebServerApplicationContext : Root WebApplicationContext: initialization completed in 972 ms
2025-03-25T19:14:42.207+03:00  INFO 23825 --- [fruit-salad-rest-api] [main] o.hibernate.jpa.internal.util.LogHelper  : HHH000204: Processing PersistenceUnitInfo [name: default]
2025-03-25T19:14:42.248+03:00  INFO 23825 --- [fruit-salad-rest-api] [main] org.hibernate.Version                    : HHH000412: Hibernate ORM core version 6.6.11.Final
2025-03-25T19:14:42.274+03:00  INFO 23825 --- [fruit-salad-rest-api] [main] o.h.c.internal.RegionFactoryInitiator    : HHH000026: Second-level cache disabled
2025-03-25T19:14:42.468+03:00  INFO 23825 --- [fruit-salad-rest-api] [main] o.s.o.j.p.SpringPersistenceUnitInfo      : No LoadTimeWeaver setup: ignoring JPA class transformer
2025-03-25T19:14:42.489+03:00  INFO 23825 --- [fruit-salad-rest-api] [main] com.zaxxer.hikari.HikariDataSource       : HikariPool-1 - Starting...
2025-03-25T19:14:42.568+03:00  INFO 23825 --- [fruit-salad-rest-api] [main] com.zaxxer.hikari.pool.HikariPool        : HikariPool-1 - Added connection org.postgresql.jdbc.PgConnection@3de88f64
2025-03-25T19:14:42.569+03:00  INFO 23825 --- [fruit-salad-rest-api] [main] com.zaxxer.hikari.HikariDataSource       : HikariPool-1 - Start completed.
2025-03-25T19:14:42.629+03:00  INFO 23825 --- [fruit-salad-rest-api] [main] org.hibernate.orm.connections.pooling    : HHH10001005: Database info:
	Database JDBC URL [Connecting through datasource 'HikariDataSource (HikariPool-1)']
	Database driver: undefined/unknown
	Database version: 16.6
	Autocommit mode: undefined/unknown
	Isolation level: undefined/unknown
	Minimum pool size: undefined/unknown
	Maximum pool size: undefined/unknown
2025-03-25T19:14:43.254+03:00  INFO 23825 --- [fruit-salad-rest-api] [main] o.h.e.t.j.p.i.JtaPlatformInitiator       : HHH000489: No JTA platform available (set 'hibernate.transaction.jta.platform' to enable JTA platform integration)
2025-03-25T19:14:43.387+03:00  INFO 23825 --- [fruit-salad-rest-api] [main] j.LocalContainerEntityManagerFactoryBean : Initialized JPA EntityManagerFactory for persistence unit 'default'
2025-03-25T19:14:43.964+03:00  WARN 23825 --- [fruit-salad-rest-api] [main] JpaBaseConfiguration$JpaWebConfiguration : spring.jpa.open-in-view is enabled by default. Therefore, database queries may be performed during view rendering. Explicitly configure spring.jpa.open-in-view to disable this warning
2025-03-25T19:14:44.335+03:00 ERROR 23825 --- [fruit-salad-rest-api] [main] i.n.r.d.DnsServerAddressStreamProviders  : Unable to load io.netty.resolver.dns.macos.MacOSDnsServerAddressStreamProvider, fallback to system defaults. This may result in incorrect DNS resolutions on MacOS. Check whether you have a dependency on 'io.netty:netty-resolver-dns-native-macos'. Use DEBUG level to see the full stack: java.lang.UnsatisfiedLinkError: failed to load the required native library
2025-03-25T19:14:44.347+03:00  INFO 23825 --- [fruit-salad-rest-api] [main] o.s.b.w.embedded.tomcat.TomcatWebServer  : Tomcat started on port 8080 (http) with context path '/'
2025-03-25T19:14:44.353+03:00  INFO 23825 --- [fruit-salad-rest-api] [main] t.r.f.FruitSaladRestApiApplication       : Started FruitSaladRestApiApplication in 3.663 seconds (process running for 4.702)
2025-03-25T19:16:16.141+03:00  INFO 23825 --- [fruit-salad-rest-api] [http-nio-8080-exec-2] o.a.c.c.C.[Tomcat].[localhost].[/]       : Initializing Spring DispatcherServlet 'dispatcherServlet'
2025-03-25T19:16:16.142+03:00  INFO 23825 --- [fruit-salad-rest-api] [http-nio-8080-exec-2] o.s.web.servlet.DispatcherServlet        : Initializing Servlet 'dispatcherServlet'
2025-03-25T19:16:16.148+03:00  INFO 23825 --- [fruit-salad-rest-api] [http-nio-8080-exec-2] o.s.web.servlet.DispatcherServlet        : Completed initialization in 6 ms
2025-03-25T19:16:16.168+03:00  WARN 23825 --- [fruit-salad-rest-api] [http-nio-8080-exec-2] .w.s.m.s.DefaultHandlerExceptionResolver : Resolved [org.springframework.web.HttpRequestMethodNotSupportedException: Request method 'POST' is not supported]
2025-03-25T19:16:36.796+03:00  INFO 23825 --- [fruit-salad-rest-api] [SpringApplicationShutdownHook] o.s.b.w.e.tomcat.GracefulShutdown        : Commencing graceful shutdown. Waiting for active requests to complete
2025-03-25T19:16:36.805+03:00  INFO 23825 --- [fruit-salad-rest-api] [tomcat-shutdown] o.s.b.w.e.tomcat.GracefulShutdown        : Graceful shutdown complete
2025-03-25T19:16:38.900+03:00  INFO 23825 --- [fruit-salad-rest-api] [SpringApplicationShutdownHook] j.LocalContainerEntityManagerFactoryBean : Closing JPA EntityManagerFactory for persistence unit 'default'
2025-03-25T19:16:38.904+03:00  INFO 23825 --- [fruit-salad-rest-api] [SpringApplicationShutdownHook] com.zaxxer.hikari.HikariDataSource       : HikariPool-1 - Shutdown initiated...
2025-03-25T19:16:38.907+03:00  INFO 23825 --- [fruit-salad-rest-api] [SpringApplicationShutdownHook] com.zaxxer.hikari.HikariDataSource       : HikariPool-1 - Shutdown completed.
2025-03-25T19:17:42.502+03:00  INFO 23907 --- [fruit-salad-rest-api] [main] t.r.f.FruitSaladRestApiApplication       : Starting FruitSaladRestApiApplication using Java 21.0.4 with PID 23907 (/Users/rodemark/Documents/Java-Education/Java-Project/fruit-salad-rest-api/target/classes started by rodemark in /Users/rodemark/Documents/Java-Education/Java-Project/fruit-salad-rest-api)
2025-03-25T19:17:42.505+03:00  INFO 23907 --- [fruit-salad-rest-api] [main] t.r.f.FruitSaladRestApiApplication       : No active profile set, falling back to 1 default profile: "default"
2025-03-25T19:17:43.008+03:00  INFO 23907 --- [fruit-salad-rest-api] [main] .s.d.r.c.RepositoryConfigurationDelegate : Bootstrapping Spring Data JPA repositories in DEFAULT mode.
2025-03-25T19:17:43.117+03:00  INFO 23907 --- [fruit-salad-rest-api] [main] .s.d.r.c.RepositoryConfigurationDelegate : Finished Spring Data repository scanning in 103 ms. Found 1 JPA repository interface.
2025-03-25T19:17:43.463+03:00  INFO 23907 --- [fruit-salad-rest-api] [main] o.s.b.w.embedded.tomcat.TomcatWebServer  : Tomcat initialized with port 8080 (http)
2025-03-25T19:17:43.483+03:00  INFO 23907 --- [fruit-salad-rest-api] [main] o.apache.catalina.core.StandardService   : Starting service [Tomcat]
2025-03-25T19:17:43.483+03:00  INFO 23907 --- [fruit-salad-rest-api] [main] o.apache.catalina.core.StandardEngine    : Starting Servlet engine: [Apache Tomcat/10.1.39]
2025-03-25T19:17:43.513+03:00  INFO 23907 --- [fruit-salad-rest-api] [main] o.a.c.c.C.[Tomcat].[localhost].[/]       : Initializing Spring embedded WebApplicationContext
2025-03-25T19:17:43.513+03:00  INFO 23907 --- [fruit-salad-rest-api] [main] w.s.c.ServletWebServerApplicationContext : Root WebApplicationContext: initialization completed in 968 ms
2025-03-25T19:17:43.614+03:00  INFO 23907 --- [fruit-salad-rest-api] [main] o.hibernate.jpa.internal.util.LogHelper  : HHH000204: Processing PersistenceUnitInfo [name: default]
2025-03-25T19:17:43.651+03:00  INFO 23907 --- [fruit-salad-rest-api] [main] org.hibernate.Version                    : HHH000412: Hibernate ORM core version 6.6.11.Final
2025-03-25T19:17:43.672+03:00  INFO 23907 --- [fruit-salad-rest-api] [main] o.h.c.internal.RegionFactoryInitiator    : HHH000026: Second-level cache disabled
2025-03-25T19:17:43.869+03:00  INFO 23907 --- [fruit-salad-rest-api] [main] o.s.o.j.p.SpringPersistenceUnitInfo      : No LoadTimeWeaver setup: ignoring JPA class transformer
2025-03-25T19:17:43.891+03:00  INFO 23907 --- [fruit-salad-rest-api] [main] com.zaxxer.hikari.HikariDataSource       : HikariPool-1 - Starting...
2025-03-25T19:17:43.974+03:00  INFO 23907 --- [fruit-salad-rest-api] [main] com.zaxxer.hikari.pool.HikariPool        : HikariPool-1 - Added connection org.postgresql.jdbc.PgConnection@5b490d5e
2025-03-25T19:17:43.975+03:00  INFO 23907 --- [fruit-salad-rest-api] [main] com.zaxxer.hikari.HikariDataSource       : HikariPool-1 - Start completed.
2025-03-25T19:17:44.035+03:00  INFO 23907 --- [fruit-salad-rest-api] [main] org.hibernate.orm.connections.pooling    : HHH10001005: Database info:
	Database JDBC URL [Connecting through datasource 'HikariDataSource (HikariPool-1)']
	Database driver: undefined/unknown
	Database version: 16.6
	Autocommit mode: undefined/unknown
	Isolation level: undefined/unknown
	Minimum pool size: undefined/unknown
	Maximum pool size: undefined/unknown
2025-03-25T19:17:44.659+03:00  INFO 23907 --- [fruit-salad-rest-api] [main] o.h.e.t.j.p.i.JtaPlatformInitiator       : HHH000489: No JTA platform available (set 'hibernate.transaction.jta.platform' to enable JTA platform integration)
2025-03-25T19:17:44.791+03:00  INFO 23907 --- [fruit-salad-rest-api] [main] j.LocalContainerEntityManagerFactoryBean : Initialized JPA EntityManagerFactory for persistence unit 'default'
2025-03-25T19:17:45.368+03:00  WARN 23907 --- [fruit-salad-rest-api] [main] JpaBaseConfiguration$JpaWebConfiguration : spring.jpa.open-in-view is enabled by default. Therefore, database queries may be performed during view rendering. Explicitly configure spring.jpa.open-in-view to disable this warning
2025-03-25T19:17:45.704+03:00 ERROR 23907 --- [fruit-salad-rest-api] [main] i.n.r.d.DnsServerAddressStreamProviders  : Unable to load io.netty.resolver.dns.macos.MacOSDnsServerAddressStreamProvider, fallback to system defaults. This may result in incorrect DNS resolutions on MacOS. Check whether you have a dependency on 'io.netty:netty-resolver-dns-native-macos'. Use DEBUG level to see the full stack: java.lang.UnsatisfiedLinkError: failed to load the required native library
2025-03-25T19:17:45.717+03:00  INFO 23907 --- [fruit-salad-rest-api] [main] o.s.b.w.embedded.tomcat.TomcatWebServer  : Tomcat started on port 8080 (http) with context path '/'
2025-03-25T19:17:45.724+03:00  INFO 23907 --- [fruit-salad-rest-api] [main] t.r.f.FruitSaladRestApiApplication       : Started FruitSaladRestApiApplication in 3.598 seconds (process running for 4.437)
2025-03-25T19:17:50.305+03:00  INFO 23907 --- [fruit-salad-rest-api] [http-nio-8080-exec-1] o.a.c.c.C.[Tomcat].[localhost].[/]       : Initializing Spring DispatcherServlet 'dispatcherServlet'
2025-03-25T19:17:50.306+03:00  INFO 23907 --- [fruit-salad-rest-api] [http-nio-8080-exec-1] o.s.web.servlet.DispatcherServlet        : Initializing Servlet 'dispatcherServlet'
2025-03-25T19:17:50.310+03:00  INFO 23907 --- [fruit-salad-rest-api] [http-nio-8080-exec-1] o.s.web.servlet.DispatcherServlet        : Completed initialization in 4 ms
2025-03-25T19:20:10.621+03:00  INFO 23907 --- [fruit-salad-rest-api] [SpringApplicationShutdownHook] o.s.b.w.e.tomcat.GracefulShutdown        : Commencing graceful shutdown. Waiting for active requests to complete
2025-03-25T19:20:10.627+03:00  INFO 23907 --- [fruit-salad-rest-api] [tomcat-shutdown] o.s.b.w.e.tomcat.GracefulShutdown        : Graceful shutdown complete
2025-03-25T19:20:12.752+03:00  INFO 23907 --- [fruit-salad-rest-api] [SpringApplicationShutdownHook] j.LocalContainerEntityManagerFactoryBean : Closing JPA EntityManagerFactory for persistence unit 'default'
2025-03-25T19:20:12.757+03:00  INFO 23907 --- [fruit-salad-rest-api] [SpringApplicationShutdownHook] com.zaxxer.hikari.HikariDataSource       : HikariPool-1 - Shutdown initiated...
2025-03-25T19:20:12.760+03:00  INFO 23907 --- [fruit-salad-rest-api] [SpringApplicationShutdownHook] com.zaxxer.hikari.HikariDataSource       : HikariPool-1 - Shutdown completed.
2025-03-25T19:20:16.819+03:00  INFO 23960 --- [fruit-salad-rest-api] [main] t.r.f.FruitSaladRestApiApplication       : Starting FruitSaladRestApiApplication using Java 21.0.4 with PID 23960 (/Users/rodemark/Documents/Java-Education/Java-Project/fruit-salad-rest-api/target/classes started by rodemark in /Users/rodemark/Documents/Java-Education/Java-Project/fruit-salad-rest-api)
2025-03-25T19:20:16.821+03:00  INFO 23960 --- [fruit-salad-rest-api] [main] t.r.f.FruitSaladRestApiApplication       : No active profile set, falling back to 1 default profile: "default"
2025-03-25T19:20:17.394+03:00  INFO 23960 --- [fruit-salad-rest-api] [main] .s.d.r.c.RepositoryConfigurationDelegate : Bootstrapping Spring Data JPA repositories in DEFAULT mode.
2025-03-25T19:20:17.504+03:00  INFO 23960 --- [fruit-salad-rest-api] [main] .s.d.r.c.RepositoryConfigurationDelegate : Finished Spring Data repository scanning in 103 ms. Found 1 JPA repository interface.
2025-03-25T19:20:17.862+03:00  INFO 23960 --- [fruit-salad-rest-api] [main] o.s.b.w.embedded.tomcat.TomcatWebServer  : Tomcat initialized with port 8080 (http)
2025-03-25T19:20:17.872+03:00  INFO 23960 --- [fruit-salad-rest-api] [main] o.apache.catalina.core.StandardService   : Starting service [Tomcat]
2025-03-25T19:20:17.872+03:00  INFO 23960 --- [fruit-salad-rest-api] [main] o.apache.catalina.core.StandardEngine    : Starting Servlet engine: [Apache Tomcat/10.1.39]
2025-03-25T19:20:17.901+03:00  INFO 23960 --- [fruit-salad-rest-api] [main] o.a.c.c.C.[Tomcat].[localhost].[/]       : Initializing Spring embedded WebApplicationContext
2025-03-25T19:20:17.901+03:00  INFO 23960 --- [fruit-salad-rest-api] [main] w.s.c.ServletWebServerApplicationContext : Root WebApplicationContext: initialization completed in 1043 ms
2025-03-25T19:20:17.997+03:00  INFO 23960 --- [fruit-salad-rest-api] [main] o.hibernate.jpa.internal.util.LogHelper  : HHH000204: Processing PersistenceUnitInfo [name: default]
2025-03-25T19:20:18.030+03:00  INFO 23960 --- [fruit-salad-rest-api] [main] org.hibernate.Version                    : HHH000412: Hibernate ORM core version 6.6.11.Final
2025-03-25T19:20:18.048+03:00  INFO 23960 --- [fruit-salad-rest-api] [main] o.h.c.internal.RegionFactoryInitiator    : HHH000026: Second-level cache disabled
2025-03-25T19:20:18.218+03:00  INFO 23960 --- [fruit-salad-rest-api] [main] o.s.o.j.p.SpringPersistenceUnitInfo      : No LoadTimeWeaver setup: ignoring JPA class transformer
2025-03-25T19:20:18.236+03:00  INFO 23960 --- [fruit-salad-rest-api] [main] com.zaxxer.hikari.HikariDataSource       : HikariPool-1 - Starting...
2025-03-25T19:20:18.298+03:00  INFO 23960 --- [fruit-salad-rest-api] [main] com.zaxxer.hikari.pool.HikariPool        : HikariPool-1 - Added connection org.postgresql.jdbc.PgConnection@236fd411
2025-03-25T19:20:18.299+03:00  INFO 23960 --- [fruit-salad-rest-api] [main] com.zaxxer.hikari.HikariDataSource       : HikariPool-1 - Start completed.
2025-03-25T19:20:18.352+03:00  INFO 23960 --- [fruit-salad-rest-api] [main] org.hibernate.orm.connections.pooling    : HHH10001005: Database info:
	Database JDBC URL [Connecting through datasource 'HikariDataSource (HikariPool-1)']
	Database driver: undefined/unknown
	Database version: 16.6
	Autocommit mode: undefined/unknown
	Isolation level: undefined/unknown
	Minimum pool size: undefined/unknown
	Maximum pool size: undefined/unknown
2025-03-25T19:20:18.970+03:00  INFO 23960 --- [fruit-salad-rest-api] [main] o.h.e.t.j.p.i.JtaPlatformInitiator       : HHH000489: No JTA platform available (set 'hibernate.transaction.jta.platform' to enable JTA platform integration)
2025-03-25T19:20:19.097+03:00  INFO 23960 --- [fruit-salad-rest-api] [main] j.LocalContainerEntityManagerFactoryBean : Initialized JPA EntityManagerFactory for persistence unit 'default'
2025-03-25T19:20:19.660+03:00  WARN 23960 --- [fruit-salad-rest-api] [main] JpaBaseConfiguration$JpaWebConfiguration : spring.jpa.open-in-view is enabled by default. Therefore, database queries may be performed during view rendering. Explicitly configure spring.jpa.open-in-view to disable this warning
2025-03-25T19:20:20.103+03:00 ERROR 23960 --- [fruit-salad-rest-api] [main] i.n.r.d.DnsServerAddressStreamProviders  : Unable to load io.netty.resolver.dns.macos.MacOSDnsServerAddressStreamProvider, fallback to system defaults. This may result in incorrect DNS resolutions on MacOS. Check whether you have a dependency on 'io.netty:netty-resolver-dns-native-macos'. Use DEBUG level to see the full stack: java.lang.UnsatisfiedLinkError: failed to load the required native library
2025-03-25T19:20:20.117+03:00  INFO 23960 --- [fruit-salad-rest-api] [main] o.s.b.w.embedded.tomcat.TomcatWebServer  : Tomcat started on port 8080 (http) with context path '/'
2025-03-25T19:20:20.125+03:00  INFO 23960 --- [fruit-salad-rest-api] [main] t.r.f.FruitSaladRestApiApplication       : Started FruitSaladRestApiApplication in 3.705 seconds (process running for 4.436)
2025-03-25T19:20:23.591+03:00  INFO 23960 --- [fruit-salad-rest-api] [http-nio-8080-exec-2] o.a.c.c.C.[Tomcat].[localhost].[/]       : Initializing Spring DispatcherServlet 'dispatcherServlet'
2025-03-25T19:20:23.591+03:00  INFO 23960 --- [fruit-salad-rest-api] [http-nio-8080-exec-2] o.s.web.servlet.DispatcherServlet        : Initializing Servlet 'dispatcherServlet'
2025-03-25T19:20:23.599+03:00  INFO 23960 --- [fruit-salad-rest-api] [http-nio-8080-exec-2] o.s.web.servlet.DispatcherServlet        : Completed initialization in 7 ms
2025-03-25T19:21:02.602+03:00  INFO 23960 --- [fruit-salad-rest-api] [SpringApplicationShutdownHook] o.s.b.w.e.tomcat.GracefulShutdown        : Commencing graceful shutdown. Waiting for active requests to complete
2025-03-25T19:21:02.607+03:00  INFO 23960 --- [fruit-salad-rest-api] [tomcat-shutdown] o.s.b.w.e.tomcat.GracefulShutdown        : Graceful shutdown complete
2025-03-25T19:21:05.109+03:00  INFO 23960 --- [fruit-salad-rest-api] [SpringApplicationShutdownHook] j.LocalContainerEntityManagerFactoryBean : Closing JPA EntityManagerFactory for persistence unit 'default'
2025-03-25T19:21:05.272+03:00  INFO 23960 --- [fruit-salad-rest-api] [SpringApplicationShutdownHook] com.zaxxer.hikari.HikariDataSource       : HikariPool-1 - Shutdown initiated...
2025-03-25T19:21:05.374+03:00  INFO 23960 --- [fruit-salad-rest-api] [SpringApplicationShutdownHook] com.zaxxer.hikari.HikariDataSource       : HikariPool-1 - Shutdown completed.
2025-03-25T23:19:36.048+03:00  INFO 27002 --- [fruit-salad-rest-api] [main] t.r.f.FruitSaladRestApiApplication       : Starting FruitSaladRestApiApplication using Java 21.0.4 with PID 27002 (/Users/rodemark/Documents/Java-Education/Java-Project/fruit-salad-rest-api/target/classes started by rodemark in /Users/rodemark/Documents/Java-Education/Java-Project/fruit-salad-rest-api)
2025-03-25T23:19:36.053+03:00  INFO 27002 --- [fruit-salad-rest-api] [main] t.r.f.FruitSaladRestApiApplication       : No active profile set, falling back to 1 default profile: "default"
2025-03-25T23:19:36.765+03:00  INFO 27002 --- [fruit-salad-rest-api] [main] .s.d.r.c.RepositoryConfigurationDelegate : Bootstrapping Spring Data JPA repositories in DEFAULT mode.
2025-03-25T23:19:36.876+03:00  INFO 27002 --- [fruit-salad-rest-api] [main] .s.d.r.c.RepositoryConfigurationDelegate : Finished Spring Data repository scanning in 104 ms. Found 1 JPA repository interface.
2025-03-25T23:19:37.281+03:00  INFO 27002 --- [fruit-salad-rest-api] [main] o.s.b.w.embedded.tomcat.TomcatWebServer  : Tomcat initialized with port 8080 (http)
2025-03-25T23:19:37.293+03:00  INFO 27002 --- [fruit-salad-rest-api] [main] o.apache.catalina.core.StandardService   : Starting service [Tomcat]
2025-03-25T23:19:37.293+03:00  INFO 27002 --- [fruit-salad-rest-api] [main] o.apache.catalina.core.StandardEngine    : Starting Servlet engine: [Apache Tomcat/10.1.39]
2025-03-25T23:19:37.327+03:00  INFO 27002 --- [fruit-salad-rest-api] [main] o.a.c.c.C.[Tomcat].[localhost].[/]       : Initializing Spring embedded WebApplicationContext
2025-03-25T23:19:37.327+03:00  INFO 27002 --- [fruit-salad-rest-api] [main] w.s.c.ServletWebServerApplicationContext : Root WebApplicationContext: initialization completed in 1198 ms
2025-03-25T23:19:37.444+03:00  INFO 27002 --- [fruit-salad-rest-api] [main] o.hibernate.jpa.internal.util.LogHelper  : HHH000204: Processing PersistenceUnitInfo [name: default]
2025-03-25T23:19:37.481+03:00  INFO 27002 --- [fruit-salad-rest-api] [main] org.hibernate.Version                    : HHH000412: Hibernate ORM core version 6.6.11.Final
2025-03-25T23:19:37.510+03:00  INFO 27002 --- [fruit-salad-rest-api] [main] o.h.c.internal.RegionFactoryInitiator    : HHH000026: Second-level cache disabled
2025-03-25T23:19:37.775+03:00  INFO 27002 --- [fruit-salad-rest-api] [main] o.s.o.j.p.SpringPersistenceUnitInfo      : No LoadTimeWeaver setup: ignoring JPA class transformer
2025-03-25T23:19:37.818+03:00  INFO 27002 --- [fruit-salad-rest-api] [main] com.zaxxer.hikari.HikariDataSource       : HikariPool-1 - Starting...
2025-03-25T23:19:37.996+03:00  INFO 27002 --- [fruit-salad-rest-api] [main] com.zaxxer.hikari.pool.HikariPool        : HikariPool-1 - Added connection org.postgresql.jdbc.PgConnection@49e62b17
2025-03-25T23:19:37.999+03:00  INFO 27002 --- [fruit-salad-rest-api] [main] com.zaxxer.hikari.HikariDataSource       : HikariPool-1 - Start completed.
2025-03-25T23:19:38.088+03:00  INFO 27002 --- [fruit-salad-rest-api] [main] org.hibernate.orm.connections.pooling    : HHH10001005: Database info:
	Database JDBC URL [Connecting through datasource 'HikariDataSource (HikariPool-1)']
	Database driver: undefined/unknown
	Database version: 16.6
	Autocommit mode: undefined/unknown
	Isolation level: undefined/unknown
	Minimum pool size: undefined/unknown
	Maximum pool size: undefined/unknown
2025-03-25T23:19:38.752+03:00  INFO 27002 --- [fruit-salad-rest-api] [main] o.h.e.t.j.p.i.JtaPlatformInitiator       : HHH000489: No JTA platform available (set 'hibernate.transaction.jta.platform' to enable JTA platform integration)
2025-03-25T23:19:38.913+03:00  INFO 27002 --- [fruit-salad-rest-api] [main] j.LocalContainerEntityManagerFactoryBean : Initialized JPA EntityManagerFactory for persistence unit 'default'
2025-03-25T23:19:39.512+03:00  WARN 27002 --- [fruit-salad-rest-api] [main] JpaBaseConfiguration$JpaWebConfiguration : spring.jpa.open-in-view is enabled by default. Therefore, database queries may be performed during view rendering. Explicitly configure spring.jpa.open-in-view to disable this warning
2025-03-25T23:19:39.883+03:00 ERROR 27002 --- [fruit-salad-rest-api] [main] i.n.r.d.DnsServerAddressStreamProviders  : Unable to load io.netty.resolver.dns.macos.MacOSDnsServerAddressStreamProvider, fallback to system defaults. This may result in incorrect DNS resolutions on MacOS. Check whether you have a dependency on 'io.netty:netty-resolver-dns-native-macos'. Use DEBUG level to see the full stack: java.lang.UnsatisfiedLinkError: failed to load the required native library
2025-03-25T23:19:39.898+03:00  INFO 27002 --- [fruit-salad-rest-api] [main] o.s.b.w.embedded.tomcat.TomcatWebServer  : Tomcat started on port 8080 (http) with context path '/'
2025-03-25T23:19:39.906+03:00  INFO 27002 --- [fruit-salad-rest-api] [main] t.r.f.FruitSaladRestApiApplication       : Started FruitSaladRestApiApplication in 4.849 seconds (process running for 6.934)
2025-03-25T23:20:15.517+03:00  INFO 27002 --- [fruit-salad-rest-api] [http-nio-8080-exec-2] o.a.c.c.C.[Tomcat].[localhost].[/]       : Initializing Spring DispatcherServlet 'dispatcherServlet'
2025-03-25T23:20:15.518+03:00  INFO 27002 --- [fruit-salad-rest-api] [http-nio-8080-exec-2] o.s.web.servlet.DispatcherServlet        : Initializing Servlet 'dispatcherServlet'
2025-03-25T23:20:15.521+03:00  INFO 27002 --- [fruit-salad-rest-api] [http-nio-8080-exec-2] o.s.web.servlet.DispatcherServlet        : Completed initialization in 3 ms
2025-03-25T23:20:56.536+03:00  INFO 27002 --- [fruit-salad-rest-api] [SpringApplicationShutdownHook] o.s.b.w.e.tomcat.GracefulShutdown        : Commencing graceful shutdown. Waiting for active requests to complete
2025-03-25T23:20:56.542+03:00  INFO 27002 --- [fruit-salad-rest-api] [tomcat-shutdown] o.s.b.w.e.tomcat.GracefulShutdown        : Graceful shutdown complete
2025-03-25T23:20:58.629+03:00  INFO 27002 --- [fruit-salad-rest-api] [SpringApplicationShutdownHook] j.LocalContainerEntityManagerFactoryBean : Closing JPA EntityManagerFactory for persistence unit 'default'
2025-03-25T23:20:58.634+03:00  INFO 27002 --- [fruit-salad-rest-api] [SpringApplicationShutdownHook] com.zaxxer.hikari.HikariDataSource       : HikariPool-1 - Shutdown initiated...
2025-03-25T23:20:58.638+03:00  INFO 27002 --- [fruit-salad-rest-api] [SpringApplicationShutdownHook] com.zaxxer.hikari.HikariDataSource       : HikariPool-1 - Shutdown completed.
